[2017-04-17T18:58:25,190][INFO ][o.e.n.Node               ] [] initializing ...
[2017-04-17T18:58:26,457][INFO ][o.e.e.NodeEnvironment    ] [Ts3on6N] using [1] data paths, mounts [[W8 (C:)]], net usable_space [60.9gb], net total_space [501.4gb], spins? [unknown], types [NTFS]
[2017-04-17T18:58:26,458][INFO ][o.e.e.NodeEnvironment    ] [Ts3on6N] heap size [1.9gb], compressed ordinary object pointers [true]
[2017-04-17T18:58:26,792][INFO ][o.e.n.Node               ] node name [Ts3on6N] derived from node ID [Ts3on6NbTaWj-ch-XqLh-g]; set [node.name] to override
[2017-04-17T18:58:26,792][INFO ][o.e.n.Node               ] version[5.3.0], pid[13476], build[3adb13b/2017-03-23T03:31:50.652Z], OS[Windows 10/10.0/amd64], JVM[Oracle Corporation/Java HotSpot(TM) 64-Bit Server VM/1.8.0_121/25.121-b13]
[2017-04-17T18:58:42,684][INFO ][o.e.p.PluginsService     ] [Ts3on6N] loaded module [aggs-matrix-stats]
[2017-04-17T18:58:42,684][INFO ][o.e.p.PluginsService     ] [Ts3on6N] loaded module [ingest-common]
[2017-04-17T18:58:42,684][INFO ][o.e.p.PluginsService     ] [Ts3on6N] loaded module [lang-expression]
[2017-04-17T18:58:42,684][INFO ][o.e.p.PluginsService     ] [Ts3on6N] loaded module [lang-groovy]
[2017-04-17T18:58:42,684][INFO ][o.e.p.PluginsService     ] [Ts3on6N] loaded module [lang-mustache]
[2017-04-17T18:58:42,684][INFO ][o.e.p.PluginsService     ] [Ts3on6N] loaded module [lang-painless]
[2017-04-17T18:58:42,684][INFO ][o.e.p.PluginsService     ] [Ts3on6N] loaded module [percolator]
[2017-04-17T18:58:42,684][INFO ][o.e.p.PluginsService     ] [Ts3on6N] loaded module [reindex]
[2017-04-17T18:58:42,684][INFO ][o.e.p.PluginsService     ] [Ts3on6N] loaded module [transport-netty3]
[2017-04-17T18:58:42,684][INFO ][o.e.p.PluginsService     ] [Ts3on6N] loaded module [transport-netty4]
[2017-04-17T18:58:42,684][INFO ][o.e.p.PluginsService     ] [Ts3on6N] loaded plugin [x-pack]
[2017-04-17T18:59:08,548][DEBUG][o.e.a.ActionModule       ] Using REST wrapper from plugin org.elasticsearch.xpack.XPackPlugin
[2017-04-17T18:59:14,353][INFO ][o.e.n.Node               ] initialized
[2017-04-17T18:59:14,353][INFO ][o.e.n.Node               ] [Ts3on6N] starting ...
[2017-04-17T18:59:17,141][INFO ][o.e.t.TransportService   ] [Ts3on6N] publish_address {127.0.0.1:9300}, bound_addresses {127.0.0.1:9300}, {[::1]:9300}
[2017-04-17T18:59:20,740][INFO ][o.e.c.s.ClusterService   ] [Ts3on6N] new_master {Ts3on6N}{Ts3on6NbTaWj-ch-XqLh-g}{T-MzmmCPTy2x3Iuj2Rq0YA}{127.0.0.1}{127.0.0.1:9300}, reason: zen-disco-elected-as-master ([0] nodes joined)
[2017-04-17T18:59:21,676][INFO ][o.e.x.s.t.n.SecurityNetty4HttpServerTransport] [Ts3on6N] publish_address {127.0.0.1:9200}, bound_addresses {127.0.0.1:9200}, {[::1]:9200}
[2017-04-17T18:59:21,700][INFO ][o.e.n.Node               ] [Ts3on6N] started
[2017-04-17T18:59:23,830][INFO ][o.e.l.LicenseService     ] [Ts3on6N] license [d869072d-8f7b-4dc3-9122-d9c792055bae] mode [trial] - valid
[2017-04-17T18:59:23,846][INFO ][o.e.g.GatewayService     ] [Ts3on6N] recovered [11] indices into cluster_state
[2017-04-17T18:59:26,305][INFO ][o.e.c.m.MetaDataCreateIndexService] [Ts3on6N] [.monitoring-es-2-2017.04.17] creating index, cause [auto(bulk api)], templates [.monitoring-es-2], shards [1]/[1], mappings [shards, node, _default_, index_stats, index_recovery, cluster_state, cluster_stats, node_stats, indices_stats]
[2017-04-17T18:59:43,411][INFO ][o.e.c.m.MetaDataMappingService] [Ts3on6N] [.monitoring-es-2-2017.04.17/LvPnbUS9ToWdtxeEod0aMw] update_mapping [cluster_stats]
[2017-04-17T18:59:43,734][INFO ][o.e.c.m.MetaDataMappingService] [Ts3on6N] [.monitoring-es-2-2017.04.17/LvPnbUS9ToWdtxeEod0aMw] update_mapping [node_stats]
[2017-04-17T18:59:44,318][INFO ][o.e.c.r.a.AllocationService] [Ts3on6N] Cluster health status changed from [RED] to [YELLOW] (reason: [shards started [[.monitoring-es-2-2017.04.16][0]] ...]).
[2017-04-17T18:59:44,963][INFO ][o.e.c.m.MetaDataMappingService] [Ts3on6N] [.monitoring-es-2-2017.04.17/LvPnbUS9ToWdtxeEod0aMw] update_mapping [index_stats]
[2017-04-17T18:59:45,079][INFO ][o.e.c.m.MetaDataMappingService] [Ts3on6N] [.monitoring-es-2-2017.04.17/LvPnbUS9ToWdtxeEod0aMw] update_mapping [cluster_stats]
[2017-04-17T18:59:45,125][INFO ][o.e.c.m.MetaDataMappingService] [Ts3on6N] [.monitoring-es-2-2017.04.17/LvPnbUS9ToWdtxeEod0aMw] update_mapping [indices_stats]
[2017-04-17T18:59:50,752][INFO ][o.e.c.r.a.DiskThresholdMonitor] [Ts3on6N] low disk watermark [85%] exceeded on [Ts3on6NbTaWj-ch-XqLh-g][Ts3on6N][C:\ELK\elasticsearch-5.3.0\elasticsearch-5.3.0\data\nodes\0] free: 60.9gb[12.1%], replicas will not be assigned to this node
[2017-04-17T19:00:02,864][INFO ][o.e.c.m.MetaDataCreateIndexService] [Ts3on6N] [.monitoring-kibana-2-2017.04.17] creating index, cause [auto(bulk api)], templates [.monitoring-kibana-2], shards [1]/[1], mappings [_default_, kibana_stats]
[2017-04-17T19:00:20,755][INFO ][o.e.c.r.a.DiskThresholdMonitor] [Ts3on6N] low disk watermark [85%] exceeded on [Ts3on6NbTaWj-ch-XqLh-g][Ts3on6N][C:\ELK\elasticsearch-5.3.0\elasticsearch-5.3.0\data\nodes\0] free: 60.9gb[12.1%], replicas will not be assigned to this node
[2017-04-17T19:00:50,760][INFO ][o.e.c.r.a.DiskThresholdMonitor] [Ts3on6N] low disk watermark [85%] exceeded on [Ts3on6NbTaWj-ch-XqLh-g][Ts3on6N][C:\ELK\elasticsearch-5.3.0\elasticsearch-5.3.0\data\nodes\0] free: 60.9gb[12.1%], replicas will not be assigned to this node
[2017-04-17T19:01:20,790][INFO ][o.e.c.r.a.DiskThresholdMonitor] [Ts3on6N] low disk watermark [85%] exceeded on [Ts3on6NbTaWj-ch-XqLh-g][Ts3on6N][C:\ELK\elasticsearch-5.3.0\elasticsearch-5.3.0\data\nodes\0] free: 60.9gb[12.1%], replicas will not be assigned to this node
[2017-04-17T19:01:50,814][INFO ][o.e.c.r.a.DiskThresholdMonitor] [Ts3on6N] low disk watermark [85%] exceeded on [Ts3on6NbTaWj-ch-XqLh-g][Ts3on6N][C:\ELK\elasticsearch-5.3.0\elasticsearch-5.3.0\data\nodes\0] free: 60.9gb[12.1%], replicas will not be assigned to this node
[2017-04-17T19:02:20,877][INFO ][o.e.c.r.a.DiskThresholdMonitor] [Ts3on6N] low disk watermark [85%] exceeded on [Ts3on6NbTaWj-ch-XqLh-g][Ts3on6N][C:\ELK\elasticsearch-5.3.0\elasticsearch-5.3.0\data\nodes\0] free: 60.9gb[12.1%], replicas will not be assigned to this node
[2017-04-17T19:02:50,906][INFO ][o.e.c.r.a.DiskThresholdMonitor] [Ts3on6N] low disk watermark [85%] exceeded on [Ts3on6NbTaWj-ch-XqLh-g][Ts3on6N][C:\ELK\elasticsearch-5.3.0\elasticsearch-5.3.0\data\nodes\0] free: 60.9gb[12.1%], replicas will not be assigned to this node
[2017-04-17T19:03:20,910][INFO ][o.e.c.r.a.DiskThresholdMonitor] [Ts3on6N] low disk watermark [85%] exceeded on [Ts3on6NbTaWj-ch-XqLh-g][Ts3on6N][C:\ELK\elasticsearch-5.3.0\elasticsearch-5.3.0\data\nodes\0] free: 60.9gb[12.1%], replicas will not be assigned to this node
[2017-04-17T19:03:50,912][INFO ][o.e.c.r.a.DiskThresholdMonitor] [Ts3on6N] low disk watermark [85%] exceeded on [Ts3on6NbTaWj-ch-XqLh-g][Ts3on6N][C:\ELK\elasticsearch-5.3.0\elasticsearch-5.3.0\data\nodes\0] free: 60.9gb[12.1%], replicas will not be assigned to this node
[2017-04-17T19:04:20,913][INFO ][o.e.c.r.a.DiskThresholdMonitor] [Ts3on6N] low disk watermark [85%] exceeded on [Ts3on6NbTaWj-ch-XqLh-g][Ts3on6N][C:\ELK\elasticsearch-5.3.0\elasticsearch-5.3.0\data\nodes\0] free: 60.9gb[12.1%], replicas will not be assigned to this node
[2017-04-17T19:04:50,926][INFO ][o.e.c.r.a.DiskThresholdMonitor] [Ts3on6N] low disk watermark [85%] exceeded on [Ts3on6NbTaWj-ch-XqLh-g][Ts3on6N][C:\ELK\elasticsearch-5.3.0\elasticsearch-5.3.0\data\nodes\0] free: 60.9gb[12.1%], replicas will not be assigned to this node
[2017-04-17T19:05:20,965][INFO ][o.e.c.r.a.DiskThresholdMonitor] [Ts3on6N] low disk watermark [85%] exceeded on [Ts3on6NbTaWj-ch-XqLh-g][Ts3on6N][C:\ELK\elasticsearch-5.3.0\elasticsearch-5.3.0\data\nodes\0] free: 60.9gb[12.1%], replicas will not be assigned to this node
[2017-04-17T19:05:50,974][INFO ][o.e.c.r.a.DiskThresholdMonitor] [Ts3on6N] low disk watermark [85%] exceeded on [Ts3on6NbTaWj-ch-XqLh-g][Ts3on6N][C:\ELK\elasticsearch-5.3.0\elasticsearch-5.3.0\data\nodes\0] free: 60.9gb[12.1%], replicas will not be assigned to this node
[2017-04-17T19:06:20,979][INFO ][o.e.c.r.a.DiskThresholdMonitor] [Ts3on6N] low disk watermark [85%] exceeded on [Ts3on6NbTaWj-ch-XqLh-g][Ts3on6N][C:\ELK\elasticsearch-5.3.0\elasticsearch-5.3.0\data\nodes\0] free: 60.9gb[12.1%], replicas will not be assigned to this node
[2017-04-17T19:06:50,984][INFO ][o.e.c.r.a.DiskThresholdMonitor] [Ts3on6N] low disk watermark [85%] exceeded on [Ts3on6NbTaWj-ch-XqLh-g][Ts3on6N][C:\ELK\elasticsearch-5.3.0\elasticsearch-5.3.0\data\nodes\0] free: 60.9gb[12.1%], replicas will not be assigned to this node
[2017-04-17T19:07:21,001][INFO ][o.e.c.r.a.DiskThresholdMonitor] [Ts3on6N] low disk watermark [85%] exceeded on [Ts3on6NbTaWj-ch-XqLh-g][Ts3on6N][C:\ELK\elasticsearch-5.3.0\elasticsearch-5.3.0\data\nodes\0] free: 60.9gb[12.1%], replicas will not be assigned to this node
[2017-04-17T19:07:51,014][INFO ][o.e.c.r.a.DiskThresholdMonitor] [Ts3on6N] low disk watermark [85%] exceeded on [Ts3on6NbTaWj-ch-XqLh-g][Ts3on6N][C:\ELK\elasticsearch-5.3.0\elasticsearch-5.3.0\data\nodes\0] free: 60.9gb[12.1%], replicas will not be assigned to this node
[2017-04-17T19:08:21,065][INFO ][o.e.c.r.a.DiskThresholdMonitor] [Ts3on6N] low disk watermark [85%] exceeded on [Ts3on6NbTaWj-ch-XqLh-g][Ts3on6N][C:\ELK\elasticsearch-5.3.0\elasticsearch-5.3.0\data\nodes\0] free: 60.9gb[12.1%], replicas will not be assigned to this node
[2017-04-17T19:08:51,083][INFO ][o.e.c.r.a.DiskThresholdMonitor] [Ts3on6N] low disk watermark [85%] exceeded on [Ts3on6NbTaWj-ch-XqLh-g][Ts3on6N][C:\ELK\elasticsearch-5.3.0\elasticsearch-5.3.0\data\nodes\0] free: 60.9gb[12.1%], replicas will not be assigned to this node
[2017-04-17T19:09:21,096][INFO ][o.e.c.r.a.DiskThresholdMonitor] [Ts3on6N] low disk watermark [85%] exceeded on [Ts3on6NbTaWj-ch-XqLh-g][Ts3on6N][C:\ELK\elasticsearch-5.3.0\elasticsearch-5.3.0\data\nodes\0] free: 60.9gb[12.1%], replicas will not be assigned to this node
[2017-04-17T19:09:51,113][INFO ][o.e.c.r.a.DiskThresholdMonitor] [Ts3on6N] low disk watermark [85%] exceeded on [Ts3on6NbTaWj-ch-XqLh-g][Ts3on6N][C:\ELK\elasticsearch-5.3.0\elasticsearch-5.3.0\data\nodes\0] free: 60.9gb[12.1%], replicas will not be assigned to this node
[2017-04-17T19:10:21,117][INFO ][o.e.c.r.a.DiskThresholdMonitor] [Ts3on6N] low disk watermark [85%] exceeded on [Ts3on6NbTaWj-ch-XqLh-g][Ts3on6N][C:\ELK\elasticsearch-5.3.0\elasticsearch-5.3.0\data\nodes\0] free: 60.9gb[12.1%], replicas will not be assigned to this node
[2017-04-17T19:10:51,143][INFO ][o.e.c.r.a.DiskThresholdMonitor] [Ts3on6N] low disk watermark [85%] exceeded on [Ts3on6NbTaWj-ch-XqLh-g][Ts3on6N][C:\ELK\elasticsearch-5.3.0\elasticsearch-5.3.0\data\nodes\0] free: 60.9gb[12.1%], replicas will not be assigned to this node
[2017-04-17T19:11:21,174][INFO ][o.e.c.r.a.DiskThresholdMonitor] [Ts3on6N] low disk watermark [85%] exceeded on [Ts3on6NbTaWj-ch-XqLh-g][Ts3on6N][C:\ELK\elasticsearch-5.3.0\elasticsearch-5.3.0\data\nodes\0] free: 60.9gb[12.1%], replicas will not be assigned to this node
[2017-04-17T19:11:51,203][INFO ][o.e.c.r.a.DiskThresholdMonitor] [Ts3on6N] low disk watermark [85%] exceeded on [Ts3on6NbTaWj-ch-XqLh-g][Ts3on6N][C:\ELK\elasticsearch-5.3.0\elasticsearch-5.3.0\data\nodes\0] free: 60.9gb[12.1%], replicas will not be assigned to this node
[2017-04-17T19:12:21,215][INFO ][o.e.c.r.a.DiskThresholdMonitor] [Ts3on6N] low disk watermark [85%] exceeded on [Ts3on6NbTaWj-ch-XqLh-g][Ts3on6N][C:\ELK\elasticsearch-5.3.0\elasticsearch-5.3.0\data\nodes\0] free: 60.9gb[12.1%], replicas will not be assigned to this node
[2017-04-17T19:12:51,225][INFO ][o.e.c.r.a.DiskThresholdMonitor] [Ts3on6N] low disk watermark [85%] exceeded on [Ts3on6NbTaWj-ch-XqLh-g][Ts3on6N][C:\ELK\elasticsearch-5.3.0\elasticsearch-5.3.0\data\nodes\0] free: 60.9gb[12.1%], replicas will not be assigned to this node
[2017-04-17T19:13:21,226][INFO ][o.e.c.r.a.DiskThresholdMonitor] [Ts3on6N] low disk watermark [85%] exceeded on [Ts3on6NbTaWj-ch-XqLh-g][Ts3on6N][C:\ELK\elasticsearch-5.3.0\elasticsearch-5.3.0\data\nodes\0] free: 60.9gb[12.1%], replicas will not be assigned to this node
[2017-04-17T19:13:51,242][INFO ][o.e.c.r.a.DiskThresholdMonitor] [Ts3on6N] low disk watermark [85%] exceeded on [Ts3on6NbTaWj-ch-XqLh-g][Ts3on6N][C:\ELK\elasticsearch-5.3.0\elasticsearch-5.3.0\data\nodes\0] free: 60.9gb[12.1%], replicas will not be assigned to this node
[2017-04-17T19:14:21,264][INFO ][o.e.c.r.a.DiskThresholdMonitor] [Ts3on6N] low disk watermark [85%] exceeded on [Ts3on6NbTaWj-ch-XqLh-g][Ts3on6N][C:\ELK\elasticsearch-5.3.0\elasticsearch-5.3.0\data\nodes\0] free: 60.9gb[12.1%], replicas will not be assigned to this node
[2017-04-17T19:14:51,265][INFO ][o.e.c.r.a.DiskThresholdMonitor] [Ts3on6N] low disk watermark [85%] exceeded on [Ts3on6NbTaWj-ch-XqLh-g][Ts3on6N][C:\ELK\elasticsearch-5.3.0\elasticsearch-5.3.0\data\nodes\0] free: 60.9gb[12.1%], replicas will not be assigned to this node
[2017-04-17T19:15:21,267][INFO ][o.e.c.r.a.DiskThresholdMonitor] [Ts3on6N] low disk watermark [85%] exceeded on [Ts3on6NbTaWj-ch-XqLh-g][Ts3on6N][C:\ELK\elasticsearch-5.3.0\elasticsearch-5.3.0\data\nodes\0] free: 60.9gb[12.1%], replicas will not be assigned to this node
[2017-04-17T19:15:51,268][INFO ][o.e.c.r.a.DiskThresholdMonitor] [Ts3on6N] low disk watermark [85%] exceeded on [Ts3on6NbTaWj-ch-XqLh-g][Ts3on6N][C:\ELK\elasticsearch-5.3.0\elasticsearch-5.3.0\data\nodes\0] free: 60.9gb[12.1%], replicas will not be assigned to this node
[2017-04-17T19:16:21,273][INFO ][o.e.c.r.a.DiskThresholdMonitor] [Ts3on6N] low disk watermark [85%] exceeded on [Ts3on6NbTaWj-ch-XqLh-g][Ts3on6N][C:\ELK\elasticsearch-5.3.0\elasticsearch-5.3.0\data\nodes\0] free: 60.9gb[12.1%], replicas will not be assigned to this node
[2017-04-17T19:16:51,286][INFO ][o.e.c.r.a.DiskThresholdMonitor] [Ts3on6N] low disk watermark [85%] exceeded on [Ts3on6NbTaWj-ch-XqLh-g][Ts3on6N][C:\ELK\elasticsearch-5.3.0\elasticsearch-5.3.0\data\nodes\0] free: 60.9gb[12.1%], replicas will not be assigned to this node
[2017-04-17T19:17:21,300][INFO ][o.e.c.r.a.DiskThresholdMonitor] [Ts3on6N] low disk watermark [85%] exceeded on [Ts3on6NbTaWj-ch-XqLh-g][Ts3on6N][C:\ELK\elasticsearch-5.3.0\elasticsearch-5.3.0\data\nodes\0] free: 60.9gb[12.1%], replicas will not be assigned to this node
[2017-04-17T19:17:51,302][INFO ][o.e.c.r.a.DiskThresholdMonitor] [Ts3on6N] low disk watermark [85%] exceeded on [Ts3on6NbTaWj-ch-XqLh-g][Ts3on6N][C:\ELK\elasticsearch-5.3.0\elasticsearch-5.3.0\data\nodes\0] free: 60.9gb[12.1%], replicas will not be assigned to this node
[2017-04-17T19:18:21,340][INFO ][o.e.c.r.a.DiskThresholdMonitor] [Ts3on6N] low disk watermark [85%] exceeded on [Ts3on6NbTaWj-ch-XqLh-g][Ts3on6N][C:\ELK\elasticsearch-5.3.0\elasticsearch-5.3.0\data\nodes\0] free: 60.9gb[12.1%], replicas will not be assigned to this node
[2017-04-17T19:18:51,356][INFO ][o.e.c.r.a.DiskThresholdMonitor] [Ts3on6N] low disk watermark [85%] exceeded on [Ts3on6NbTaWj-ch-XqLh-g][Ts3on6N][C:\ELK\elasticsearch-5.3.0\elasticsearch-5.3.0\data\nodes\0] free: 60.9gb[12.1%], replicas will not be assigned to this node
[2017-04-17T19:19:21,363][INFO ][o.e.c.r.a.DiskThresholdMonitor] [Ts3on6N] low disk watermark [85%] exceeded on [Ts3on6NbTaWj-ch-XqLh-g][Ts3on6N][C:\ELK\elasticsearch-5.3.0\elasticsearch-5.3.0\data\nodes\0] free: 60.9gb[12.1%], replicas will not be assigned to this node
[2017-04-17T19:19:51,373][INFO ][o.e.c.r.a.DiskThresholdMonitor] [Ts3on6N] low disk watermark [85%] exceeded on [Ts3on6NbTaWj-ch-XqLh-g][Ts3on6N][C:\ELK\elasticsearch-5.3.0\elasticsearch-5.3.0\data\nodes\0] free: 60.9gb[12.1%], replicas will not be assigned to this node
[2017-04-17T19:20:21,390][INFO ][o.e.c.r.a.DiskThresholdMonitor] [Ts3on6N] low disk watermark [85%] exceeded on [Ts3on6NbTaWj-ch-XqLh-g][Ts3on6N][C:\ELK\elasticsearch-5.3.0\elasticsearch-5.3.0\data\nodes\0] free: 60.9gb[12.1%], replicas will not be assigned to this node
[2017-04-17T19:20:51,430][INFO ][o.e.c.r.a.DiskThresholdMonitor] [Ts3on6N] low disk watermark [85%] exceeded on [Ts3on6NbTaWj-ch-XqLh-g][Ts3on6N][C:\ELK\elasticsearch-5.3.0\elasticsearch-5.3.0\data\nodes\0] free: 60.9gb[12.1%], replicas will not be assigned to this node
[2017-04-17T19:21:21,432][INFO ][o.e.c.r.a.DiskThresholdMonitor] [Ts3on6N] low disk watermark [85%] exceeded on [Ts3on6NbTaWj-ch-XqLh-g][Ts3on6N][C:\ELK\elasticsearch-5.3.0\elasticsearch-5.3.0\data\nodes\0] free: 60.9gb[12.1%], replicas will not be assigned to this node
[2017-04-17T19:21:51,434][INFO ][o.e.c.r.a.DiskThresholdMonitor] [Ts3on6N] low disk watermark [85%] exceeded on [Ts3on6NbTaWj-ch-XqLh-g][Ts3on6N][C:\ELK\elasticsearch-5.3.0\elasticsearch-5.3.0\data\nodes\0] free: 60.9gb[12.1%], replicas will not be assigned to this node
[2017-04-17T19:22:21,483][INFO ][o.e.c.r.a.DiskThresholdMonitor] [Ts3on6N] low disk watermark [85%] exceeded on [Ts3on6NbTaWj-ch-XqLh-g][Ts3on6N][C:\ELK\elasticsearch-5.3.0\elasticsearch-5.3.0\data\nodes\0] free: 60.9gb[12.1%], replicas will not be assigned to this node
[2017-04-17T19:22:51,485][INFO ][o.e.c.r.a.DiskThresholdMonitor] [Ts3on6N] low disk watermark [85%] exceeded on [Ts3on6NbTaWj-ch-XqLh-g][Ts3on6N][C:\ELK\elasticsearch-5.3.0\elasticsearch-5.3.0\data\nodes\0] free: 60.9gb[12.1%], replicas will not be assigned to this node
[2017-04-17T19:23:21,488][INFO ][o.e.c.r.a.DiskThresholdMonitor] [Ts3on6N] low disk watermark [85%] exceeded on [Ts3on6NbTaWj-ch-XqLh-g][Ts3on6N][C:\ELK\elasticsearch-5.3.0\elasticsearch-5.3.0\data\nodes\0] free: 60.9gb[12.1%], replicas will not be assigned to this node
[2017-04-17T19:23:51,495][INFO ][o.e.c.r.a.DiskThresholdMonitor] [Ts3on6N] low disk watermark [85%] exceeded on [Ts3on6NbTaWj-ch-XqLh-g][Ts3on6N][C:\ELK\elasticsearch-5.3.0\elasticsearch-5.3.0\data\nodes\0] free: 60.9gb[12.1%], replicas will not be assigned to this node
[2017-04-17T19:24:21,533][INFO ][o.e.c.r.a.DiskThresholdMonitor] [Ts3on6N] low disk watermark [85%] exceeded on [Ts3on6NbTaWj-ch-XqLh-g][Ts3on6N][C:\ELK\elasticsearch-5.3.0\elasticsearch-5.3.0\data\nodes\0] free: 60.9gb[12.1%], replicas will not be assigned to this node
[2017-04-17T19:24:51,548][INFO ][o.e.c.r.a.DiskThresholdMonitor] [Ts3on6N] low disk watermark [85%] exceeded on [Ts3on6NbTaWj-ch-XqLh-g][Ts3on6N][C:\ELK\elasticsearch-5.3.0\elasticsearch-5.3.0\data\nodes\0] free: 60.9gb[12.1%], replicas will not be assigned to this node
[2017-04-17T19:25:21,564][INFO ][o.e.c.r.a.DiskThresholdMonitor] [Ts3on6N] low disk watermark [85%] exceeded on [Ts3on6NbTaWj-ch-XqLh-g][Ts3on6N][C:\ELK\elasticsearch-5.3.0\elasticsearch-5.3.0\data\nodes\0] free: 60.9gb[12.1%], replicas will not be assigned to this node
[2017-04-17T19:25:51,594][INFO ][o.e.c.r.a.DiskThresholdMonitor] [Ts3on6N] low disk watermark [85%] exceeded on [Ts3on6NbTaWj-ch-XqLh-g][Ts3on6N][C:\ELK\elasticsearch-5.3.0\elasticsearch-5.3.0\data\nodes\0] free: 60.9gb[12.1%], replicas will not be assigned to this node
[2017-04-17T19:26:03,673][INFO ][o.e.c.m.MetaDataMappingService] [Ts3on6N] [.monitoring-kibana-2-2017.04.17/W0-w4VnQT4CdWoceRyiiwg] update_mapping [kibana_stats]
[2017-04-17T19:26:13,669][INFO ][o.e.c.m.MetaDataMappingService] [Ts3on6N] [.monitoring-kibana-2-2017.04.17/W0-w4VnQT4CdWoceRyiiwg] update_mapping [kibana_stats]
[2017-04-17T19:26:21,614][INFO ][o.e.c.r.a.DiskThresholdMonitor] [Ts3on6N] low disk watermark [85%] exceeded on [Ts3on6NbTaWj-ch-XqLh-g][Ts3on6N][C:\ELK\elasticsearch-5.3.0\elasticsearch-5.3.0\data\nodes\0] free: 60.9gb[12.1%], replicas will not be assigned to this node
[2017-04-17T19:26:51,619][INFO ][o.e.c.r.a.DiskThresholdMonitor] [Ts3on6N] low disk watermark [85%] exceeded on [Ts3on6NbTaWj-ch-XqLh-g][Ts3on6N][C:\ELK\elasticsearch-5.3.0\elasticsearch-5.3.0\data\nodes\0] free: 60.9gb[12.1%], replicas will not be assigned to this node
[2017-04-17T19:27:21,640][INFO ][o.e.c.r.a.DiskThresholdMonitor] [Ts3on6N] low disk watermark [85%] exceeded on [Ts3on6NbTaWj-ch-XqLh-g][Ts3on6N][C:\ELK\elasticsearch-5.3.0\elasticsearch-5.3.0\data\nodes\0] free: 60.9gb[12.1%], replicas will not be assigned to this node
[2017-04-17T19:27:51,645][INFO ][o.e.c.r.a.DiskThresholdMonitor] [Ts3on6N] low disk watermark [85%] exceeded on [Ts3on6NbTaWj-ch-XqLh-g][Ts3on6N][C:\ELK\elasticsearch-5.3.0\elasticsearch-5.3.0\data\nodes\0] free: 60.9gb[12.1%], replicas will not be assigned to this node
[2017-04-17T19:28:21,656][INFO ][o.e.c.r.a.DiskThresholdMonitor] [Ts3on6N] low disk watermark [85%] exceeded on [Ts3on6NbTaWj-ch-XqLh-g][Ts3on6N][C:\ELK\elasticsearch-5.3.0\elasticsearch-5.3.0\data\nodes\0] free: 60.9gb[12.1%], replicas will not be assigned to this node
[2017-04-17T19:28:51,703][INFO ][o.e.c.r.a.DiskThresholdMonitor] [Ts3on6N] low disk watermark [85%] exceeded on [Ts3on6NbTaWj-ch-XqLh-g][Ts3on6N][C:\ELK\elasticsearch-5.3.0\elasticsearch-5.3.0\data\nodes\0] free: 60.9gb[12.1%], replicas will not be assigned to this node
[2017-04-17T19:29:21,720][INFO ][o.e.c.r.a.DiskThresholdMonitor] [Ts3on6N] low disk watermark [85%] exceeded on [Ts3on6NbTaWj-ch-XqLh-g][Ts3on6N][C:\ELK\elasticsearch-5.3.0\elasticsearch-5.3.0\data\nodes\0] free: 60.9gb[12.1%], replicas will not be assigned to this node
[2017-04-17T19:29:51,725][INFO ][o.e.c.r.a.DiskThresholdMonitor] [Ts3on6N] low disk watermark [85%] exceeded on [Ts3on6NbTaWj-ch-XqLh-g][Ts3on6N][C:\ELK\elasticsearch-5.3.0\elasticsearch-5.3.0\data\nodes\0] free: 60.9gb[12.1%], replicas will not be assigned to this node
[2017-04-17T19:30:21,737][INFO ][o.e.c.r.a.DiskThresholdMonitor] [Ts3on6N] low disk watermark [85%] exceeded on [Ts3on6NbTaWj-ch-XqLh-g][Ts3on6N][C:\ELK\elasticsearch-5.3.0\elasticsearch-5.3.0\data\nodes\0] free: 60.9gb[12.1%], replicas will not be assigned to this node
[2017-04-17T19:30:51,752][INFO ][o.e.c.r.a.DiskThresholdMonitor] [Ts3on6N] low disk watermark [85%] exceeded on [Ts3on6NbTaWj-ch-XqLh-g][Ts3on6N][C:\ELK\elasticsearch-5.3.0\elasticsearch-5.3.0\data\nodes\0] free: 60.9gb[12.1%], replicas will not be assigned to this node
[2017-04-17T19:31:21,767][INFO ][o.e.c.r.a.DiskThresholdMonitor] [Ts3on6N] low disk watermark [85%] exceeded on [Ts3on6NbTaWj-ch-XqLh-g][Ts3on6N][C:\ELK\elasticsearch-5.3.0\elasticsearch-5.3.0\data\nodes\0] free: 60.9gb[12.1%], replicas will not be assigned to this node
[2017-04-17T19:31:51,783][INFO ][o.e.c.r.a.DiskThresholdMonitor] [Ts3on6N] low disk watermark [85%] exceeded on [Ts3on6NbTaWj-ch-XqLh-g][Ts3on6N][C:\ELK\elasticsearch-5.3.0\elasticsearch-5.3.0\data\nodes\0] free: 60.9gb[12.1%], replicas will not be assigned to this node
[2017-04-17T19:32:21,796][INFO ][o.e.c.r.a.DiskThresholdMonitor] [Ts3on6N] low disk watermark [85%] exceeded on [Ts3on6NbTaWj-ch-XqLh-g][Ts3on6N][C:\ELK\elasticsearch-5.3.0\elasticsearch-5.3.0\data\nodes\0] free: 60.9gb[12.1%], replicas will not be assigned to this node
[2017-04-17T19:32:51,798][INFO ][o.e.c.r.a.DiskThresholdMonitor] [Ts3on6N] low disk watermark [85%] exceeded on [Ts3on6NbTaWj-ch-XqLh-g][Ts3on6N][C:\ELK\elasticsearch-5.3.0\elasticsearch-5.3.0\data\nodes\0] free: 60.9gb[12.1%], replicas will not be assigned to this node
[2017-04-17T19:33:21,814][INFO ][o.e.c.r.a.DiskThresholdMonitor] [Ts3on6N] low disk watermark [85%] exceeded on [Ts3on6NbTaWj-ch-XqLh-g][Ts3on6N][C:\ELK\elasticsearch-5.3.0\elasticsearch-5.3.0\data\nodes\0] free: 60.9gb[12.1%], replicas will not be assigned to this node
[2017-04-17T19:33:51,832][INFO ][o.e.c.r.a.DiskThresholdMonitor] [Ts3on6N] low disk watermark [85%] exceeded on [Ts3on6NbTaWj-ch-XqLh-g][Ts3on6N][C:\ELK\elasticsearch-5.3.0\elasticsearch-5.3.0\data\nodes\0] free: 60.9gb[12.1%], replicas will not be assigned to this node
[2017-04-17T19:34:21,837][INFO ][o.e.c.r.a.DiskThresholdMonitor] [Ts3on6N] low disk watermark [85%] exceeded on [Ts3on6NbTaWj-ch-XqLh-g][Ts3on6N][C:\ELK\elasticsearch-5.3.0\elasticsearch-5.3.0\data\nodes\0] free: 60.9gb[12.1%], replicas will not be assigned to this node
[2017-04-17T19:34:51,869][INFO ][o.e.c.r.a.DiskThresholdMonitor] [Ts3on6N] low disk watermark [85%] exceeded on [Ts3on6NbTaWj-ch-XqLh-g][Ts3on6N][C:\ELK\elasticsearch-5.3.0\elasticsearch-5.3.0\data\nodes\0] free: 60.9gb[12.1%], replicas will not be assigned to this node
[2017-04-17T19:35:21,870][INFO ][o.e.c.r.a.DiskThresholdMonitor] [Ts3on6N] low disk watermark [85%] exceeded on [Ts3on6NbTaWj-ch-XqLh-g][Ts3on6N][C:\ELK\elasticsearch-5.3.0\elasticsearch-5.3.0\data\nodes\0] free: 60.9gb[12.1%], replicas will not be assigned to this node
[2017-04-17T19:35:51,874][INFO ][o.e.c.r.a.DiskThresholdMonitor] [Ts3on6N] low disk watermark [85%] exceeded on [Ts3on6NbTaWj-ch-XqLh-g][Ts3on6N][C:\ELK\elasticsearch-5.3.0\elasticsearch-5.3.0\data\nodes\0] free: 60.9gb[12.1%], replicas will not be assigned to this node
[2017-04-17T19:36:21,885][INFO ][o.e.c.r.a.DiskThresholdMonitor] [Ts3on6N] low disk watermark [85%] exceeded on [Ts3on6NbTaWj-ch-XqLh-g][Ts3on6N][C:\ELK\elasticsearch-5.3.0\elasticsearch-5.3.0\data\nodes\0] free: 60.9gb[12.1%], replicas will not be assigned to this node
[2017-04-17T19:36:51,895][INFO ][o.e.c.r.a.DiskThresholdMonitor] [Ts3on6N] low disk watermark [85%] exceeded on [Ts3on6NbTaWj-ch-XqLh-g][Ts3on6N][C:\ELK\elasticsearch-5.3.0\elasticsearch-5.3.0\data\nodes\0] free: 60.9gb[12.1%], replicas will not be assigned to this node
[2017-04-17T19:37:21,909][INFO ][o.e.c.r.a.DiskThresholdMonitor] [Ts3on6N] low disk watermark [85%] exceeded on [Ts3on6NbTaWj-ch-XqLh-g][Ts3on6N][C:\ELK\elasticsearch-5.3.0\elasticsearch-5.3.0\data\nodes\0] free: 60.9gb[12.1%], replicas will not be assigned to this node
[2017-04-17T19:37:51,922][INFO ][o.e.c.r.a.DiskThresholdMonitor] [Ts3on6N] low disk watermark [85%] exceeded on [Ts3on6NbTaWj-ch-XqLh-g][Ts3on6N][C:\ELK\elasticsearch-5.3.0\elasticsearch-5.3.0\data\nodes\0] free: 60.9gb[12.1%], replicas will not be assigned to this node
[2017-04-17T19:38:21,958][INFO ][o.e.c.r.a.DiskThresholdMonitor] [Ts3on6N] low disk watermark [85%] exceeded on [Ts3on6NbTaWj-ch-XqLh-g][Ts3on6N][C:\ELK\elasticsearch-5.3.0\elasticsearch-5.3.0\data\nodes\0] free: 60.9gb[12.1%], replicas will not be assigned to this node
[2017-04-17T19:38:51,976][INFO ][o.e.c.r.a.DiskThresholdMonitor] [Ts3on6N] low disk watermark [85%] exceeded on [Ts3on6NbTaWj-ch-XqLh-g][Ts3on6N][C:\ELK\elasticsearch-5.3.0\elasticsearch-5.3.0\data\nodes\0] free: 60.9gb[12.1%], replicas will not be assigned to this node
[2017-04-17T19:39:21,978][INFO ][o.e.c.r.a.DiskThresholdMonitor] [Ts3on6N] low disk watermark [85%] exceeded on [Ts3on6NbTaWj-ch-XqLh-g][Ts3on6N][C:\ELK\elasticsearch-5.3.0\elasticsearch-5.3.0\data\nodes\0] free: 60.9gb[12.1%], replicas will not be assigned to this node
[2017-04-17T19:39:51,982][INFO ][o.e.c.r.a.DiskThresholdMonitor] [Ts3on6N] low disk watermark [85%] exceeded on [Ts3on6NbTaWj-ch-XqLh-g][Ts3on6N][C:\ELK\elasticsearch-5.3.0\elasticsearch-5.3.0\data\nodes\0] free: 60.9gb[12.1%], replicas will not be assigned to this node
[2017-04-17T19:40:21,989][INFO ][o.e.c.r.a.DiskThresholdMonitor] [Ts3on6N] low disk watermark [85%] exceeded on [Ts3on6NbTaWj-ch-XqLh-g][Ts3on6N][C:\ELK\elasticsearch-5.3.0\elasticsearch-5.3.0\data\nodes\0] free: 60.9gb[12.1%], replicas will not be assigned to this node
[2017-04-17T19:40:51,997][INFO ][o.e.c.r.a.DiskThresholdMonitor] [Ts3on6N] low disk watermark [85%] exceeded on [Ts3on6NbTaWj-ch-XqLh-g][Ts3on6N][C:\ELK\elasticsearch-5.3.0\elasticsearch-5.3.0\data\nodes\0] free: 60.9gb[12.1%], replicas will not be assigned to this node
[2017-04-17T19:41:22,015][INFO ][o.e.c.r.a.DiskThresholdMonitor] [Ts3on6N] low disk watermark [85%] exceeded on [Ts3on6NbTaWj-ch-XqLh-g][Ts3on6N][C:\ELK\elasticsearch-5.3.0\elasticsearch-5.3.0\data\nodes\0] free: 60.9gb[12.1%], replicas will not be assigned to this node
[2017-04-17T19:41:52,032][INFO ][o.e.c.r.a.DiskThresholdMonitor] [Ts3on6N] low disk watermark [85%] exceeded on [Ts3on6NbTaWj-ch-XqLh-g][Ts3on6N][C:\ELK\elasticsearch-5.3.0\elasticsearch-5.3.0\data\nodes\0] free: 60.9gb[12.1%], replicas will not be assigned to this node
[2017-04-17T19:42:22,066][INFO ][o.e.c.r.a.DiskThresholdMonitor] [Ts3on6N] low disk watermark [85%] exceeded on [Ts3on6NbTaWj-ch-XqLh-g][Ts3on6N][C:\ELK\elasticsearch-5.3.0\elasticsearch-5.3.0\data\nodes\0] free: 60.9gb[12.1%], replicas will not be assigned to this node
[2017-04-17T19:42:52,087][INFO ][o.e.c.r.a.DiskThresholdMonitor] [Ts3on6N] low disk watermark [85%] exceeded on [Ts3on6NbTaWj-ch-XqLh-g][Ts3on6N][C:\ELK\elasticsearch-5.3.0\elasticsearch-5.3.0\data\nodes\0] free: 60.9gb[12.1%], replicas will not be assigned to this node
[2017-04-17T19:43:22,099][INFO ][o.e.c.r.a.DiskThresholdMonitor] [Ts3on6N] low disk watermark [85%] exceeded on [Ts3on6NbTaWj-ch-XqLh-g][Ts3on6N][C:\ELK\elasticsearch-5.3.0\elasticsearch-5.3.0\data\nodes\0] free: 60.9gb[12.1%], replicas will not be assigned to this node
[2017-04-17T19:43:52,112][INFO ][o.e.c.r.a.DiskThresholdMonitor] [Ts3on6N] low disk watermark [85%] exceeded on [Ts3on6NbTaWj-ch-XqLh-g][Ts3on6N][C:\ELK\elasticsearch-5.3.0\elasticsearch-5.3.0\data\nodes\0] free: 60.9gb[12.1%], replicas will not be assigned to this node
[2017-04-17T19:44:22,121][INFO ][o.e.c.r.a.DiskThresholdMonitor] [Ts3on6N] low disk watermark [85%] exceeded on [Ts3on6NbTaWj-ch-XqLh-g][Ts3on6N][C:\ELK\elasticsearch-5.3.0\elasticsearch-5.3.0\data\nodes\0] free: 60.9gb[12.1%], replicas will not be assigned to this node
[2017-04-17T19:44:52,143][INFO ][o.e.c.r.a.DiskThresholdMonitor] [Ts3on6N] low disk watermark [85%] exceeded on [Ts3on6NbTaWj-ch-XqLh-g][Ts3on6N][C:\ELK\elasticsearch-5.3.0\elasticsearch-5.3.0\data\nodes\0] free: 60.9gb[12.1%], replicas will not be assigned to this node
[2017-04-17T19:45:22,162][INFO ][o.e.c.r.a.DiskThresholdMonitor] [Ts3on6N] low disk watermark [85%] exceeded on [Ts3on6NbTaWj-ch-XqLh-g][Ts3on6N][C:\ELK\elasticsearch-5.3.0\elasticsearch-5.3.0\data\nodes\0] free: 60.9gb[12.1%], replicas will not be assigned to this node
[2017-04-17T19:45:52,166][INFO ][o.e.c.r.a.DiskThresholdMonitor] [Ts3on6N] low disk watermark [85%] exceeded on [Ts3on6NbTaWj-ch-XqLh-g][Ts3on6N][C:\ELK\elasticsearch-5.3.0\elasticsearch-5.3.0\data\nodes\0] free: 60.9gb[12.1%], replicas will not be assigned to this node
[2017-04-17T19:46:22,168][INFO ][o.e.c.r.a.DiskThresholdMonitor] [Ts3on6N] low disk watermark [85%] exceeded on [Ts3on6NbTaWj-ch-XqLh-g][Ts3on6N][C:\ELK\elasticsearch-5.3.0\elasticsearch-5.3.0\data\nodes\0] free: 60.9gb[12.1%], replicas will not be assigned to this node
[2017-04-17T19:46:52,169][INFO ][o.e.c.r.a.DiskThresholdMonitor] [Ts3on6N] low disk watermark [85%] exceeded on [Ts3on6NbTaWj-ch-XqLh-g][Ts3on6N][C:\ELK\elasticsearch-5.3.0\elasticsearch-5.3.0\data\nodes\0] free: 60.9gb[12.1%], replicas will not be assigned to this node
[2017-04-17T19:47:22,183][INFO ][o.e.c.r.a.DiskThresholdMonitor] [Ts3on6N] low disk watermark [85%] exceeded on [Ts3on6NbTaWj-ch-XqLh-g][Ts3on6N][C:\ELK\elasticsearch-5.3.0\elasticsearch-5.3.0\data\nodes\0] free: 60.9gb[12.1%], replicas will not be assigned to this node
[2017-04-17T19:47:52,184][INFO ][o.e.c.r.a.DiskThresholdMonitor] [Ts3on6N] low disk watermark [85%] exceeded on [Ts3on6NbTaWj-ch-XqLh-g][Ts3on6N][C:\ELK\elasticsearch-5.3.0\elasticsearch-5.3.0\data\nodes\0] free: 60.9gb[12.1%], replicas will not be assigned to this node
[2017-04-17T19:48:22,220][INFO ][o.e.c.r.a.DiskThresholdMonitor] [Ts3on6N] low disk watermark [85%] exceeded on [Ts3on6NbTaWj-ch-XqLh-g][Ts3on6N][C:\ELK\elasticsearch-5.3.0\elasticsearch-5.3.0\data\nodes\0] free: 60.9gb[12.1%], replicas will not be assigned to this node
[2017-04-17T19:48:52,235][INFO ][o.e.c.r.a.DiskThresholdMonitor] [Ts3on6N] low disk watermark [85%] exceeded on [Ts3on6NbTaWj-ch-XqLh-g][Ts3on6N][C:\ELK\elasticsearch-5.3.0\elasticsearch-5.3.0\data\nodes\0] free: 60.9gb[12.1%], replicas will not be assigned to this node
