[2017-04-14T16:12:18,037][INFO ][o.e.n.Node               ] [] initializing ...
[2017-04-14T16:12:18,333][INFO ][o.e.e.NodeEnvironment    ] [Ts3on6N] using [1] data paths, mounts [[W8 (C:)]], net usable_space [76.6gb], net total_space [501.4gb], spins? [unknown], types [NTFS]
[2017-04-14T16:12:18,333][INFO ][o.e.e.NodeEnvironment    ] [Ts3on6N] heap size [1.9gb], compressed ordinary object pointers [true]
[2017-04-14T16:12:18,333][INFO ][o.e.n.Node               ] node name [Ts3on6N] derived from node ID [Ts3on6NbTaWj-ch-XqLh-g]; set [node.name] to override
[2017-04-14T16:12:18,333][INFO ][o.e.n.Node               ] version[5.3.0], pid[10812], build[3adb13b/2017-03-23T03:31:50.652Z], OS[Windows 10/10.0/amd64], JVM[Oracle Corporation/Java HotSpot(TM) 64-Bit Server VM/1.8.0_121/25.121-b13]
[2017-04-14T16:12:19,551][INFO ][o.e.p.PluginsService     ] [Ts3on6N] loaded module [aggs-matrix-stats]
[2017-04-14T16:12:19,552][INFO ][o.e.p.PluginsService     ] [Ts3on6N] loaded module [ingest-common]
[2017-04-14T16:12:19,552][INFO ][o.e.p.PluginsService     ] [Ts3on6N] loaded module [lang-expression]
[2017-04-14T16:12:19,552][INFO ][o.e.p.PluginsService     ] [Ts3on6N] loaded module [lang-groovy]
[2017-04-14T16:12:19,552][INFO ][o.e.p.PluginsService     ] [Ts3on6N] loaded module [lang-mustache]
[2017-04-14T16:12:19,552][INFO ][o.e.p.PluginsService     ] [Ts3on6N] loaded module [lang-painless]
[2017-04-14T16:12:19,552][INFO ][o.e.p.PluginsService     ] [Ts3on6N] loaded module [percolator]
[2017-04-14T16:12:19,552][INFO ][o.e.p.PluginsService     ] [Ts3on6N] loaded module [reindex]
[2017-04-14T16:12:19,553][INFO ][o.e.p.PluginsService     ] [Ts3on6N] loaded module [transport-netty3]
[2017-04-14T16:12:19,553][INFO ][o.e.p.PluginsService     ] [Ts3on6N] loaded module [transport-netty4]
[2017-04-14T16:12:19,553][INFO ][o.e.p.PluginsService     ] [Ts3on6N] no plugins loaded
[2017-04-14T16:12:22,086][INFO ][o.e.n.Node               ] initialized
[2017-04-14T16:12:22,086][INFO ][o.e.n.Node               ] [Ts3on6N] starting ...
[2017-04-14T16:12:22,689][INFO ][o.e.t.TransportService   ] [Ts3on6N] publish_address {127.0.0.1:9300}, bound_addresses {127.0.0.1:9300}, {[::1]:9300}
[2017-04-14T16:12:25,796][INFO ][o.e.c.s.ClusterService   ] [Ts3on6N] new_master {Ts3on6N}{Ts3on6NbTaWj-ch-XqLh-g}{3riZO6EsTwa7xIcmjhfWDQ}{127.0.0.1}{127.0.0.1:9300}, reason: zen-disco-elected-as-master ([0] nodes joined)
[2017-04-14T16:12:25,927][INFO ][o.e.g.GatewayService     ] [Ts3on6N] recovered [0] indices into cluster_state
[2017-04-14T16:12:26,212][INFO ][o.e.h.n.Netty4HttpServerTransport] [Ts3on6N] publish_address {127.0.0.1:9200}, bound_addresses {127.0.0.1:9200}, {[::1]:9200}
[2017-04-14T16:12:26,212][INFO ][o.e.n.Node               ] [Ts3on6N] started
[2017-04-14T16:17:48,958][INFO ][o.e.c.m.MetaDataCreateIndexService] [Ts3on6N] [.kibana] creating index, cause [api], templates [], shards [1]/[1], mappings [server, config]
[2017-04-14T16:18:01,123][INFO ][o.e.c.m.MetaDataMappingService] [Ts3on6N] [.kibana/Llj3EeW6SEKh_yM20TJD_Q] create_mapping [index-pattern]
[2017-04-14T16:19:53,012][INFO ][o.e.c.m.MetaDataMappingService] [Ts3on6N] [.kibana/Llj3EeW6SEKh_yM20TJD_Q] create_mapping [timelion-sheet]
[2017-04-14T16:43:35,403][INFO ][o.e.b.Bootstrap          ] running graceful exit on windows
[2017-04-14T16:43:35,403][INFO ][o.e.n.Node               ] [Ts3on6N] stopping ...
[2017-04-14T16:43:35,426][INFO ][o.e.n.Node               ] [Ts3on6N] stopped
[2017-04-14T16:43:35,426][INFO ][o.e.n.Node               ] [Ts3on6N] closing ...
[2017-04-14T16:43:35,432][INFO ][o.e.n.Node               ] [Ts3on6N] closed
[2017-04-14T16:53:14,758][INFO ][o.e.n.Node               ] [] initializing ...
[2017-04-14T16:53:14,843][INFO ][o.e.e.NodeEnvironment    ] [Ts3on6N] using [1] data paths, mounts [[W8 (C:)]], net usable_space [76.5gb], net total_space [501.4gb], spins? [unknown], types [NTFS]
[2017-04-14T16:53:14,843][INFO ][o.e.e.NodeEnvironment    ] [Ts3on6N] heap size [1.9gb], compressed ordinary object pointers [true]
[2017-04-14T16:53:14,858][INFO ][o.e.n.Node               ] node name [Ts3on6N] derived from node ID [Ts3on6NbTaWj-ch-XqLh-g]; set [node.name] to override
[2017-04-14T16:53:14,858][INFO ][o.e.n.Node               ] version[5.3.0], pid[11552], build[3adb13b/2017-03-23T03:31:50.652Z], OS[Windows 10/10.0/amd64], JVM[Oracle Corporation/Java HotSpot(TM) 64-Bit Server VM/1.8.0_121/25.121-b13]
[2017-04-14T16:53:16,024][INFO ][o.e.p.PluginsService     ] [Ts3on6N] loaded module [aggs-matrix-stats]
[2017-04-14T16:53:16,024][INFO ][o.e.p.PluginsService     ] [Ts3on6N] loaded module [ingest-common]
[2017-04-14T16:53:16,024][INFO ][o.e.p.PluginsService     ] [Ts3on6N] loaded module [lang-expression]
[2017-04-14T16:53:16,024][INFO ][o.e.p.PluginsService     ] [Ts3on6N] loaded module [lang-groovy]
[2017-04-14T16:53:16,024][INFO ][o.e.p.PluginsService     ] [Ts3on6N] loaded module [lang-mustache]
[2017-04-14T16:53:16,024][INFO ][o.e.p.PluginsService     ] [Ts3on6N] loaded module [lang-painless]
[2017-04-14T16:53:16,024][INFO ][o.e.p.PluginsService     ] [Ts3on6N] loaded module [percolator]
[2017-04-14T16:53:16,024][INFO ][o.e.p.PluginsService     ] [Ts3on6N] loaded module [reindex]
[2017-04-14T16:53:16,024][INFO ][o.e.p.PluginsService     ] [Ts3on6N] loaded module [transport-netty3]
[2017-04-14T16:53:16,024][INFO ][o.e.p.PluginsService     ] [Ts3on6N] loaded module [transport-netty4]
[2017-04-14T16:53:16,024][INFO ][o.e.p.PluginsService     ] [Ts3on6N] loaded plugin [x-pack]
[2017-04-14T16:53:17,392][DEBUG][o.e.a.ActionModule       ] Using REST wrapper from plugin org.elasticsearch.xpack.XPackPlugin
[2017-04-14T16:53:18,229][INFO ][o.e.n.Node               ] initialized
[2017-04-14T16:53:18,229][INFO ][o.e.n.Node               ] [Ts3on6N] starting ...
[2017-04-14T16:53:18,838][INFO ][o.e.t.TransportService   ] [Ts3on6N] publish_address {127.0.0.1:9300}, bound_addresses {127.0.0.1:9300}, {[::1]:9300}
[2017-04-14T16:53:21,867][INFO ][o.e.c.s.ClusterService   ] [Ts3on6N] new_master {Ts3on6N}{Ts3on6NbTaWj-ch-XqLh-g}{7RVXCHSwS0aF5w66uZM9Ng}{127.0.0.1}{127.0.0.1:9300}, reason: zen-disco-elected-as-master ([0] nodes joined)
[2017-04-14T16:53:22,082][INFO ][o.e.g.GatewayService     ] [Ts3on6N] recovered [1] indices into cluster_state
[2017-04-14T16:53:22,213][INFO ][o.e.x.s.t.n.SecurityNetty4HttpServerTransport] [Ts3on6N] publish_address {127.0.0.1:9200}, bound_addresses {127.0.0.1:9200}, {[::1]:9200}
[2017-04-14T16:53:22,213][INFO ][o.e.n.Node               ] [Ts3on6N] started
[2017-04-14T16:53:22,800][INFO ][o.e.l.LicenseService     ] [Ts3on6N] license [d869072d-8f7b-4dc3-9122-d9c792055bae] mode [trial] - valid
[2017-04-14T16:53:22,802][INFO ][o.e.c.r.a.AllocationService] [Ts3on6N] Cluster health status changed from [RED] to [YELLOW] (reason: [shards started [[.kibana][0]] ...]).
[2017-04-14T16:53:28,392][INFO ][o.e.c.m.MetaDataCreateIndexService] [Ts3on6N] [.monitoring-data-2] creating index, cause [auto(bulk api)], templates [.monitoring-data-2], shards [1]/[1], mappings [_default_, logstash, node, cluster_info, kibana]
[2017-04-14T16:53:28,521][INFO ][o.e.c.m.MetaDataCreateIndexService] [Ts3on6N] [.monitoring-es-2-2017.04.14] creating index, cause [auto(bulk api)], templates [.monitoring-es-2], shards [1]/[1], mappings [shards, node, _default_, index_stats, index_recovery, cluster_state, cluster_stats, indices_stats, node_stats]
[2017-04-14T16:53:28,794][INFO ][o.e.c.m.MetaDataMappingService] [Ts3on6N] [.monitoring-es-2-2017.04.14/w9Bg1N_0QJ27ovm0qIRlPg] update_mapping [indices_stats]
[2017-04-14T16:53:28,879][INFO ][o.e.c.m.MetaDataMappingService] [Ts3on6N] [.monitoring-es-2-2017.04.14/w9Bg1N_0QJ27ovm0qIRlPg] update_mapping [cluster_stats]
[2017-04-14T16:53:28,953][INFO ][o.e.c.m.MetaDataMappingService] [Ts3on6N] [.monitoring-es-2-2017.04.14/w9Bg1N_0QJ27ovm0qIRlPg] update_mapping [node_stats]
[2017-04-14T16:53:29,068][INFO ][o.e.c.m.MetaDataMappingService] [Ts3on6N] [.monitoring-es-2-2017.04.14/w9Bg1N_0QJ27ovm0qIRlPg] update_mapping [index_stats]
[2017-04-14T17:05:34,617][INFO ][o.e.c.m.MetaDataCreateIndexService] [Ts3on6N] [.monitoring-kibana-2-2017.04.14] creating index, cause [auto(bulk api)], templates [.monitoring-kibana-2], shards [1]/[1], mappings [_default_, kibana_stats]
[2017-04-14T17:05:54,616][INFO ][o.e.c.m.MetaDataMappingService] [Ts3on6N] [.monitoring-kibana-2-2017.04.14/KUJKeLlKQa-5ZW2jVNoP7A] update_mapping [kibana_stats]
[2017-04-14T17:06:04,633][INFO ][o.e.c.m.MetaDataMappingService] [Ts3on6N] [.monitoring-kibana-2-2017.04.14/KUJKeLlKQa-5ZW2jVNoP7A] update_mapping [kibana_stats]
[2017-04-14T17:06:09,586][INFO ][o.e.c.m.MetaDataMappingService] [Ts3on6N] [.kibana/Llj3EeW6SEKh_yM20TJD_Q] create_mapping [graph-workspace]
[2017-04-14T17:08:41,609][INFO ][o.e.c.m.MetaDataMappingService] [Ts3on6N] [.kibana/Llj3EeW6SEKh_yM20TJD_Q] update_mapping [config]
[2017-04-14T17:08:54,696][INFO ][o.e.c.m.MetaDataMappingService] [Ts3on6N] [.monitoring-kibana-2-2017.04.14/KUJKeLlKQa-5ZW2jVNoP7A] update_mapping [kibana_stats]
[2017-04-14T17:09:07,310][INFO ][o.e.c.m.MetaDataMappingService] [Ts3on6N] [.kibana/Llj3EeW6SEKh_yM20TJD_Q] create_mapping [search]
[2017-04-14T17:12:48,652][INFO ][o.e.c.m.MetaDataCreateIndexService] [Ts3on6N] [.security] creating index, cause [auto(bulk api)], templates [security-index-template], shards [1]/[0], mappings [role, reserved-user, user]
[2017-04-14T17:12:48,938][INFO ][o.e.x.s.a.r.TransportPutRoleAction] [Ts3on6N] added role [logstash_writer]
[2017-04-14T17:14:18,896][INFO ][o.e.x.s.a.u.TransportPutUserAction] [Ts3on6N] added user [logstash_internal]
[2017-04-14T17:15:54,144][INFO ][o.e.x.s.a.r.TransportPutRoleAction] [Ts3on6N] added role [logstash_reader]
[2017-04-14T17:16:37,580][INFO ][o.e.x.s.a.u.TransportPutUserAction] [Ts3on6N] added user [logstash_user]
[2017-04-14T17:24:05,499][INFO ][o.e.c.m.MetaDataCreateIndexService] [Ts3on6N] [logstash-2017.04.14] creating index, cause [auto(bulk api)], templates [logstash], shards [5]/[1], mappings [_default_]
[2017-04-14T17:24:06,100][INFO ][o.e.c.m.MetaDataMappingService] [Ts3on6N] [logstash-2017.04.14/2kH5hkDGSlG87Nq18lHZkA] create_mapping [logs]
[2017-04-14T17:24:54,064][INFO ][o.e.c.m.MetaDataMappingService] [Ts3on6N] [.kibana/Llj3EeW6SEKh_yM20TJD_Q] create_mapping [dashboard]
[2017-04-14T17:27:13,404][INFO ][o.e.c.m.MetaDataMappingService] [Ts3on6N] [.kibana/Llj3EeW6SEKh_yM20TJD_Q] update_mapping [config]
[2017-04-14T17:55:34,315][INFO ][o.e.c.m.MetaDataMappingService] [Ts3on6N] [.kibana/Llj3EeW6SEKh_yM20TJD_Q] create_mapping [visualization]
[2017-04-14T17:58:16,346][INFO ][o.e.c.m.MetaDataMappingService] [Ts3on6N] [.monitoring-kibana-2-2017.04.14/KUJKeLlKQa-5ZW2jVNoP7A] update_mapping [kibana_stats]
[2017-04-14T21:26:26,480][INFO ][o.e.c.r.a.DiskThresholdMonitor] [Ts3on6N] low disk watermark [85%] exceeded on [Ts3on6NbTaWj-ch-XqLh-g][Ts3on6N][C:\ELK\elasticsearch-5.3.0\elasticsearch-5.3.0\data\nodes\0] free: 75.1gb[14.9%], replicas will not be assigned to this node
[2017-04-14T21:26:56,481][INFO ][o.e.c.r.a.DiskThresholdMonitor] [Ts3on6N] low disk watermark [85%] exceeded on [Ts3on6NbTaWj-ch-XqLh-g][Ts3on6N][C:\ELK\elasticsearch-5.3.0\elasticsearch-5.3.0\data\nodes\0] free: 75gb[14.9%], replicas will not be assigned to this node
[2017-04-14T21:27:26,495][INFO ][o.e.c.r.a.DiskThresholdMonitor] [Ts3on6N] low disk watermark [85%] exceeded on [Ts3on6NbTaWj-ch-XqLh-g][Ts3on6N][C:\ELK\elasticsearch-5.3.0\elasticsearch-5.3.0\data\nodes\0] free: 75gb[14.9%], replicas will not be assigned to this node
[2017-04-14T21:27:56,499][INFO ][o.e.c.r.a.DiskThresholdMonitor] [Ts3on6N] low disk watermark [85%] exceeded on [Ts3on6NbTaWj-ch-XqLh-g][Ts3on6N][C:\ELK\elasticsearch-5.3.0\elasticsearch-5.3.0\data\nodes\0] free: 75gb[14.9%], replicas will not be assigned to this node
[2017-04-14T21:28:26,506][INFO ][o.e.c.r.a.DiskThresholdMonitor] [Ts3on6N] low disk watermark [85%] exceeded on [Ts3on6NbTaWj-ch-XqLh-g][Ts3on6N][C:\ELK\elasticsearch-5.3.0\elasticsearch-5.3.0\data\nodes\0] free: 75gb[14.9%], replicas will not be assigned to this node
[2017-04-14T21:28:56,517][INFO ][o.e.c.r.a.DiskThresholdMonitor] [Ts3on6N] low disk watermark [85%] exceeded on [Ts3on6NbTaWj-ch-XqLh-g][Ts3on6N][C:\ELK\elasticsearch-5.3.0\elasticsearch-5.3.0\data\nodes\0] free: 75gb[14.9%], replicas will not be assigned to this node
[2017-04-14T21:29:26,530][INFO ][o.e.c.r.a.DiskThresholdMonitor] [Ts3on6N] low disk watermark [85%] exceeded on [Ts3on6NbTaWj-ch-XqLh-g][Ts3on6N][C:\ELK\elasticsearch-5.3.0\elasticsearch-5.3.0\data\nodes\0] free: 75gb[14.9%], replicas will not be assigned to this node
[2017-04-14T21:29:56,532][INFO ][o.e.c.r.a.DiskThresholdMonitor] [Ts3on6N] low disk watermark [85%] exceeded on [Ts3on6NbTaWj-ch-XqLh-g][Ts3on6N][C:\ELK\elasticsearch-5.3.0\elasticsearch-5.3.0\data\nodes\0] free: 75gb[14.9%], replicas will not be assigned to this node
[2017-04-14T21:30:26,539][INFO ][o.e.c.r.a.DiskThresholdMonitor] [Ts3on6N] low disk watermark [85%] exceeded on [Ts3on6NbTaWj-ch-XqLh-g][Ts3on6N][C:\ELK\elasticsearch-5.3.0\elasticsearch-5.3.0\data\nodes\0] free: 75gb[14.9%], replicas will not be assigned to this node
[2017-04-14T21:30:56,541][INFO ][o.e.c.r.a.DiskThresholdMonitor] [Ts3on6N] low disk watermark [85%] exceeded on [Ts3on6NbTaWj-ch-XqLh-g][Ts3on6N][C:\ELK\elasticsearch-5.3.0\elasticsearch-5.3.0\data\nodes\0] free: 75gb[14.9%], replicas will not be assigned to this node
[2017-04-14T21:31:26,542][INFO ][o.e.c.r.a.DiskThresholdMonitor] [Ts3on6N] low disk watermark [85%] exceeded on [Ts3on6NbTaWj-ch-XqLh-g][Ts3on6N][C:\ELK\elasticsearch-5.3.0\elasticsearch-5.3.0\data\nodes\0] free: 75gb[14.9%], replicas will not be assigned to this node
[2017-04-14T21:31:56,544][INFO ][o.e.c.r.a.DiskThresholdMonitor] [Ts3on6N] low disk watermark [85%] exceeded on [Ts3on6NbTaWj-ch-XqLh-g][Ts3on6N][C:\ELK\elasticsearch-5.3.0\elasticsearch-5.3.0\data\nodes\0] free: 75gb[14.9%], replicas will not be assigned to this node
[2017-04-14T21:32:26,557][INFO ][o.e.c.r.a.DiskThresholdMonitor] [Ts3on6N] low disk watermark [85%] exceeded on [Ts3on6NbTaWj-ch-XqLh-g][Ts3on6N][C:\ELK\elasticsearch-5.3.0\elasticsearch-5.3.0\data\nodes\0] free: 75gb[14.9%], replicas will not be assigned to this node
[2017-04-14T21:32:56,569][INFO ][o.e.c.r.a.DiskThresholdMonitor] [Ts3on6N] low disk watermark [85%] exceeded on [Ts3on6NbTaWj-ch-XqLh-g][Ts3on6N][C:\ELK\elasticsearch-5.3.0\elasticsearch-5.3.0\data\nodes\0] free: 75gb[14.9%], replicas will not be assigned to this node
[2017-04-14T21:33:26,584][INFO ][o.e.c.r.a.DiskThresholdMonitor] [Ts3on6N] low disk watermark [85%] exceeded on [Ts3on6NbTaWj-ch-XqLh-g][Ts3on6N][C:\ELK\elasticsearch-5.3.0\elasticsearch-5.3.0\data\nodes\0] free: 75gb[14.9%], replicas will not be assigned to this node
[2017-04-14T21:33:56,585][INFO ][o.e.c.r.a.DiskThresholdMonitor] [Ts3on6N] low disk watermark [85%] exceeded on [Ts3on6NbTaWj-ch-XqLh-g][Ts3on6N][C:\ELK\elasticsearch-5.3.0\elasticsearch-5.3.0\data\nodes\0] free: 75gb[14.9%], replicas will not be assigned to this node
[2017-04-14T21:34:26,606][INFO ][o.e.c.r.a.DiskThresholdMonitor] [Ts3on6N] low disk watermark [85%] exceeded on [Ts3on6NbTaWj-ch-XqLh-g][Ts3on6N][C:\ELK\elasticsearch-5.3.0\elasticsearch-5.3.0\data\nodes\0] free: 75gb[14.9%], replicas will not be assigned to this node
[2017-04-14T21:34:56,613][INFO ][o.e.c.r.a.DiskThresholdMonitor] [Ts3on6N] low disk watermark [85%] exceeded on [Ts3on6NbTaWj-ch-XqLh-g][Ts3on6N][C:\ELK\elasticsearch-5.3.0\elasticsearch-5.3.0\data\nodes\0] free: 75gb[14.9%], replicas will not be assigned to this node
[2017-04-14T21:35:26,618][INFO ][o.e.c.r.a.DiskThresholdMonitor] [Ts3on6N] low disk watermark [85%] exceeded on [Ts3on6NbTaWj-ch-XqLh-g][Ts3on6N][C:\ELK\elasticsearch-5.3.0\elasticsearch-5.3.0\data\nodes\0] free: 75gb[14.9%], replicas will not be assigned to this node
[2017-04-14T21:35:56,622][INFO ][o.e.c.r.a.DiskThresholdMonitor] [Ts3on6N] low disk watermark [85%] exceeded on [Ts3on6NbTaWj-ch-XqLh-g][Ts3on6N][C:\ELK\elasticsearch-5.3.0\elasticsearch-5.3.0\data\nodes\0] free: 75gb[14.9%], replicas will not be assigned to this node
[2017-04-14T21:36:26,629][INFO ][o.e.c.r.a.DiskThresholdMonitor] [Ts3on6N] low disk watermark [85%] exceeded on [Ts3on6NbTaWj-ch-XqLh-g][Ts3on6N][C:\ELK\elasticsearch-5.3.0\elasticsearch-5.3.0\data\nodes\0] free: 75gb[14.9%], replicas will not be assigned to this node
[2017-04-14T21:36:56,634][INFO ][o.e.c.r.a.DiskThresholdMonitor] [Ts3on6N] low disk watermark [85%] exceeded on [Ts3on6NbTaWj-ch-XqLh-g][Ts3on6N][C:\ELK\elasticsearch-5.3.0\elasticsearch-5.3.0\data\nodes\0] free: 75gb[14.9%], replicas will not be assigned to this node
[2017-04-14T21:37:26,641][INFO ][o.e.c.r.a.DiskThresholdMonitor] [Ts3on6N] low disk watermark [85%] exceeded on [Ts3on6NbTaWj-ch-XqLh-g][Ts3on6N][C:\ELK\elasticsearch-5.3.0\elasticsearch-5.3.0\data\nodes\0] free: 75gb[14.9%], replicas will not be assigned to this node
[2017-04-14T21:37:56,657][INFO ][o.e.c.r.a.DiskThresholdMonitor] [Ts3on6N] low disk watermark [85%] exceeded on [Ts3on6NbTaWj-ch-XqLh-g][Ts3on6N][C:\ELK\elasticsearch-5.3.0\elasticsearch-5.3.0\data\nodes\0] free: 75gb[14.9%], replicas will not be assigned to this node
[2017-04-14T21:38:26,668][INFO ][o.e.c.r.a.DiskThresholdMonitor] [Ts3on6N] low disk watermark [85%] exceeded on [Ts3on6NbTaWj-ch-XqLh-g][Ts3on6N][C:\ELK\elasticsearch-5.3.0\elasticsearch-5.3.0\data\nodes\0] free: 75gb[14.9%], replicas will not be assigned to this node
[2017-04-14T21:38:56,689][INFO ][o.e.c.r.a.DiskThresholdMonitor] [Ts3on6N] low disk watermark [85%] exceeded on [Ts3on6NbTaWj-ch-XqLh-g][Ts3on6N][C:\ELK\elasticsearch-5.3.0\elasticsearch-5.3.0\data\nodes\0] free: 75gb[14.9%], replicas will not be assigned to this node
[2017-04-14T21:39:26,698][INFO ][o.e.c.r.a.DiskThresholdMonitor] [Ts3on6N] low disk watermark [85%] exceeded on [Ts3on6NbTaWj-ch-XqLh-g][Ts3on6N][C:\ELK\elasticsearch-5.3.0\elasticsearch-5.3.0\data\nodes\0] free: 75gb[14.9%], replicas will not be assigned to this node
[2017-04-14T21:39:56,714][INFO ][o.e.c.r.a.DiskThresholdMonitor] [Ts3on6N] low disk watermark [85%] exceeded on [Ts3on6NbTaWj-ch-XqLh-g][Ts3on6N][C:\ELK\elasticsearch-5.3.0\elasticsearch-5.3.0\data\nodes\0] free: 75gb[14.9%], replicas will not be assigned to this node
[2017-04-14T21:40:26,722][INFO ][o.e.c.r.a.DiskThresholdMonitor] [Ts3on6N] low disk watermark [85%] exceeded on [Ts3on6NbTaWj-ch-XqLh-g][Ts3on6N][C:\ELK\elasticsearch-5.3.0\elasticsearch-5.3.0\data\nodes\0] free: 75gb[14.9%], replicas will not be assigned to this node
[2017-04-14T21:40:56,733][INFO ][o.e.c.r.a.DiskThresholdMonitor] [Ts3on6N] low disk watermark [85%] exceeded on [Ts3on6NbTaWj-ch-XqLh-g][Ts3on6N][C:\ELK\elasticsearch-5.3.0\elasticsearch-5.3.0\data\nodes\0] free: 75gb[14.9%], replicas will not be assigned to this node
[2017-04-14T21:41:26,738][INFO ][o.e.c.r.a.DiskThresholdMonitor] [Ts3on6N] low disk watermark [85%] exceeded on [Ts3on6NbTaWj-ch-XqLh-g][Ts3on6N][C:\ELK\elasticsearch-5.3.0\elasticsearch-5.3.0\data\nodes\0] free: 75gb[14.9%], replicas will not be assigned to this node
[2017-04-14T21:41:56,750][INFO ][o.e.c.r.a.DiskThresholdMonitor] [Ts3on6N] low disk watermark [85%] exceeded on [Ts3on6NbTaWj-ch-XqLh-g][Ts3on6N][C:\ELK\elasticsearch-5.3.0\elasticsearch-5.3.0\data\nodes\0] free: 75gb[14.9%], replicas will not be assigned to this node
[2017-04-14T21:42:26,754][INFO ][o.e.c.r.a.DiskThresholdMonitor] [Ts3on6N] low disk watermark [85%] exceeded on [Ts3on6NbTaWj-ch-XqLh-g][Ts3on6N][C:\ELK\elasticsearch-5.3.0\elasticsearch-5.3.0\data\nodes\0] free: 75gb[14.9%], replicas will not be assigned to this node
[2017-04-14T21:42:56,770][INFO ][o.e.c.r.a.DiskThresholdMonitor] [Ts3on6N] low disk watermark [85%] exceeded on [Ts3on6NbTaWj-ch-XqLh-g][Ts3on6N][C:\ELK\elasticsearch-5.3.0\elasticsearch-5.3.0\data\nodes\0] free: 75gb[14.9%], replicas will not be assigned to this node
[2017-04-14T21:43:26,789][INFO ][o.e.c.r.a.DiskThresholdMonitor] [Ts3on6N] low disk watermark [85%] exceeded on [Ts3on6NbTaWj-ch-XqLh-g][Ts3on6N][C:\ELK\elasticsearch-5.3.0\elasticsearch-5.3.0\data\nodes\0] free: 75gb[14.9%], replicas will not be assigned to this node
[2017-04-14T21:43:56,804][INFO ][o.e.c.r.a.DiskThresholdMonitor] [Ts3on6N] low disk watermark [85%] exceeded on [Ts3on6NbTaWj-ch-XqLh-g][Ts3on6N][C:\ELK\elasticsearch-5.3.0\elasticsearch-5.3.0\data\nodes\0] free: 75gb[14.9%], replicas will not be assigned to this node
[2017-04-14T21:44:26,816][INFO ][o.e.c.r.a.DiskThresholdMonitor] [Ts3on6N] low disk watermark [85%] exceeded on [Ts3on6NbTaWj-ch-XqLh-g][Ts3on6N][C:\ELK\elasticsearch-5.3.0\elasticsearch-5.3.0\data\nodes\0] free: 74.7gb[14.9%], replicas will not be assigned to this node
[2017-04-14T21:44:56,817][INFO ][o.e.c.r.a.DiskThresholdMonitor] [Ts3on6N] low disk watermark [85%] exceeded on [Ts3on6NbTaWj-ch-XqLh-g][Ts3on6N][C:\ELK\elasticsearch-5.3.0\elasticsearch-5.3.0\data\nodes\0] free: 74.7gb[14.9%], replicas will not be assigned to this node
[2017-04-14T21:45:26,819][INFO ][o.e.c.r.a.DiskThresholdMonitor] [Ts3on6N] low disk watermark [85%] exceeded on [Ts3on6NbTaWj-ch-XqLh-g][Ts3on6N][C:\ELK\elasticsearch-5.3.0\elasticsearch-5.3.0\data\nodes\0] free: 74.7gb[14.9%], replicas will not be assigned to this node
[2017-04-14T21:45:56,819][INFO ][o.e.c.r.a.DiskThresholdMonitor] [Ts3on6N] low disk watermark [85%] exceeded on [Ts3on6NbTaWj-ch-XqLh-g][Ts3on6N][C:\ELK\elasticsearch-5.3.0\elasticsearch-5.3.0\data\nodes\0] free: 74.7gb[14.9%], replicas will not be assigned to this node
[2017-04-14T21:46:26,827][INFO ][o.e.c.r.a.DiskThresholdMonitor] [Ts3on6N] low disk watermark [85%] exceeded on [Ts3on6NbTaWj-ch-XqLh-g][Ts3on6N][C:\ELK\elasticsearch-5.3.0\elasticsearch-5.3.0\data\nodes\0] free: 74.7gb[14.9%], replicas will not be assigned to this node
[2017-04-14T21:46:56,836][INFO ][o.e.c.r.a.DiskThresholdMonitor] [Ts3on6N] low disk watermark [85%] exceeded on [Ts3on6NbTaWj-ch-XqLh-g][Ts3on6N][C:\ELK\elasticsearch-5.3.0\elasticsearch-5.3.0\data\nodes\0] free: 74.7gb[14.9%], replicas will not be assigned to this node
[2017-04-14T21:47:26,838][INFO ][o.e.c.r.a.DiskThresholdMonitor] [Ts3on6N] low disk watermark [85%] exceeded on [Ts3on6NbTaWj-ch-XqLh-g][Ts3on6N][C:\ELK\elasticsearch-5.3.0\elasticsearch-5.3.0\data\nodes\0] free: 74.7gb[14.9%], replicas will not be assigned to this node
[2017-04-14T21:47:56,847][INFO ][o.e.c.r.a.DiskThresholdMonitor] [Ts3on6N] low disk watermark [85%] exceeded on [Ts3on6NbTaWj-ch-XqLh-g][Ts3on6N][C:\ELK\elasticsearch-5.3.0\elasticsearch-5.3.0\data\nodes\0] free: 74.7gb[14.9%], replicas will not be assigned to this node
[2017-04-14T21:48:26,864][INFO ][o.e.c.r.a.DiskThresholdMonitor] [Ts3on6N] low disk watermark [85%] exceeded on [Ts3on6NbTaWj-ch-XqLh-g][Ts3on6N][C:\ELK\elasticsearch-5.3.0\elasticsearch-5.3.0\data\nodes\0] free: 74.7gb[14.9%], replicas will not be assigned to this node
[2017-04-14T21:48:56,870][INFO ][o.e.c.r.a.DiskThresholdMonitor] [Ts3on6N] low disk watermark [85%] exceeded on [Ts3on6NbTaWj-ch-XqLh-g][Ts3on6N][C:\ELK\elasticsearch-5.3.0\elasticsearch-5.3.0\data\nodes\0] free: 74.7gb[14.9%], replicas will not be assigned to this node
[2017-04-14T21:49:26,880][INFO ][o.e.c.r.a.DiskThresholdMonitor] [Ts3on6N] low disk watermark [85%] exceeded on [Ts3on6NbTaWj-ch-XqLh-g][Ts3on6N][C:\ELK\elasticsearch-5.3.0\elasticsearch-5.3.0\data\nodes\0] free: 74.7gb[14.9%], replicas will not be assigned to this node
[2017-04-14T21:49:56,883][INFO ][o.e.c.r.a.DiskThresholdMonitor] [Ts3on6N] low disk watermark [85%] exceeded on [Ts3on6NbTaWj-ch-XqLh-g][Ts3on6N][C:\ELK\elasticsearch-5.3.0\elasticsearch-5.3.0\data\nodes\0] free: 74.7gb[14.9%], replicas will not be assigned to this node
[2017-04-14T21:50:26,884][INFO ][o.e.c.r.a.DiskThresholdMonitor] [Ts3on6N] low disk watermark [85%] exceeded on [Ts3on6NbTaWj-ch-XqLh-g][Ts3on6N][C:\ELK\elasticsearch-5.3.0\elasticsearch-5.3.0\data\nodes\0] free: 74.8gb[14.9%], replicas will not be assigned to this node
[2017-04-14T21:50:56,889][INFO ][o.e.c.r.a.DiskThresholdMonitor] [Ts3on6N] low disk watermark [85%] exceeded on [Ts3on6NbTaWj-ch-XqLh-g][Ts3on6N][C:\ELK\elasticsearch-5.3.0\elasticsearch-5.3.0\data\nodes\0] free: 74.8gb[14.9%], replicas will not be assigned to this node
[2017-04-14T21:51:26,897][INFO ][o.e.c.r.a.DiskThresholdMonitor] [Ts3on6N] low disk watermark [85%] exceeded on [Ts3on6NbTaWj-ch-XqLh-g][Ts3on6N][C:\ELK\elasticsearch-5.3.0\elasticsearch-5.3.0\data\nodes\0] free: 74.8gb[14.9%], replicas will not be assigned to this node
[2017-04-14T21:51:56,905][INFO ][o.e.c.r.a.DiskThresholdMonitor] [Ts3on6N] low disk watermark [85%] exceeded on [Ts3on6NbTaWj-ch-XqLh-g][Ts3on6N][C:\ELK\elasticsearch-5.3.0\elasticsearch-5.3.0\data\nodes\0] free: 74.8gb[14.9%], replicas will not be assigned to this node
[2017-04-14T21:52:26,913][INFO ][o.e.c.r.a.DiskThresholdMonitor] [Ts3on6N] low disk watermark [85%] exceeded on [Ts3on6NbTaWj-ch-XqLh-g][Ts3on6N][C:\ELK\elasticsearch-5.3.0\elasticsearch-5.3.0\data\nodes\0] free: 74.8gb[14.9%], replicas will not be assigned to this node
[2017-04-14T21:52:56,922][INFO ][o.e.c.r.a.DiskThresholdMonitor] [Ts3on6N] low disk watermark [85%] exceeded on [Ts3on6NbTaWj-ch-XqLh-g][Ts3on6N][C:\ELK\elasticsearch-5.3.0\elasticsearch-5.3.0\data\nodes\0] free: 74.8gb[14.9%], replicas will not be assigned to this node
[2017-04-14T21:53:26,928][INFO ][o.e.c.r.a.DiskThresholdMonitor] [Ts3on6N] low disk watermark [85%] exceeded on [Ts3on6NbTaWj-ch-XqLh-g][Ts3on6N][C:\ELK\elasticsearch-5.3.0\elasticsearch-5.3.0\data\nodes\0] free: 74.8gb[14.9%], replicas will not be assigned to this node
[2017-04-14T21:53:56,939][INFO ][o.e.c.r.a.DiskThresholdMonitor] [Ts3on6N] low disk watermark [85%] exceeded on [Ts3on6NbTaWj-ch-XqLh-g][Ts3on6N][C:\ELK\elasticsearch-5.3.0\elasticsearch-5.3.0\data\nodes\0] free: 74.8gb[14.9%], replicas will not be assigned to this node
[2017-04-14T21:54:26,951][INFO ][o.e.c.r.a.DiskThresholdMonitor] [Ts3on6N] low disk watermark [85%] exceeded on [Ts3on6NbTaWj-ch-XqLh-g][Ts3on6N][C:\ELK\elasticsearch-5.3.0\elasticsearch-5.3.0\data\nodes\0] free: 74.8gb[14.9%], replicas will not be assigned to this node
[2017-04-14T21:54:56,969][INFO ][o.e.c.r.a.DiskThresholdMonitor] [Ts3on6N] low disk watermark [85%] exceeded on [Ts3on6NbTaWj-ch-XqLh-g][Ts3on6N][C:\ELK\elasticsearch-5.3.0\elasticsearch-5.3.0\data\nodes\0] free: 74.8gb[14.9%], replicas will not be assigned to this node
[2017-04-14T21:55:26,977][INFO ][o.e.c.r.a.DiskThresholdMonitor] [Ts3on6N] low disk watermark [85%] exceeded on [Ts3on6NbTaWj-ch-XqLh-g][Ts3on6N][C:\ELK\elasticsearch-5.3.0\elasticsearch-5.3.0\data\nodes\0] free: 74.8gb[14.9%], replicas will not be assigned to this node
[2017-04-14T21:55:56,993][INFO ][o.e.c.r.a.DiskThresholdMonitor] [Ts3on6N] low disk watermark [85%] exceeded on [Ts3on6NbTaWj-ch-XqLh-g][Ts3on6N][C:\ELK\elasticsearch-5.3.0\elasticsearch-5.3.0\data\nodes\0] free: 74.8gb[14.9%], replicas will not be assigned to this node
[2017-04-14T21:56:27,004][INFO ][o.e.c.r.a.DiskThresholdMonitor] [Ts3on6N] low disk watermark [85%] exceeded on [Ts3on6NbTaWj-ch-XqLh-g][Ts3on6N][C:\ELK\elasticsearch-5.3.0\elasticsearch-5.3.0\data\nodes\0] free: 74.8gb[14.9%], replicas will not be assigned to this node
[2017-04-14T21:56:57,013][INFO ][o.e.c.r.a.DiskThresholdMonitor] [Ts3on6N] low disk watermark [85%] exceeded on [Ts3on6NbTaWj-ch-XqLh-g][Ts3on6N][C:\ELK\elasticsearch-5.3.0\elasticsearch-5.3.0\data\nodes\0] free: 74.8gb[14.9%], replicas will not be assigned to this node
[2017-04-14T21:57:27,020][INFO ][o.e.c.r.a.DiskThresholdMonitor] [Ts3on6N] low disk watermark [85%] exceeded on [Ts3on6NbTaWj-ch-XqLh-g][Ts3on6N][C:\ELK\elasticsearch-5.3.0\elasticsearch-5.3.0\data\nodes\0] free: 74.8gb[14.9%], replicas will not be assigned to this node
[2017-04-14T21:57:57,025][INFO ][o.e.c.r.a.DiskThresholdMonitor] [Ts3on6N] low disk watermark [85%] exceeded on [Ts3on6NbTaWj-ch-XqLh-g][Ts3on6N][C:\ELK\elasticsearch-5.3.0\elasticsearch-5.3.0\data\nodes\0] free: 74.8gb[14.9%], replicas will not be assigned to this node
[2017-04-14T21:58:27,032][INFO ][o.e.c.r.a.DiskThresholdMonitor] [Ts3on6N] low disk watermark [85%] exceeded on [Ts3on6NbTaWj-ch-XqLh-g][Ts3on6N][C:\ELK\elasticsearch-5.3.0\elasticsearch-5.3.0\data\nodes\0] free: 74.8gb[14.9%], replicas will not be assigned to this node
[2017-04-14T21:58:57,036][INFO ][o.e.c.r.a.DiskThresholdMonitor] [Ts3on6N] low disk watermark [85%] exceeded on [Ts3on6NbTaWj-ch-XqLh-g][Ts3on6N][C:\ELK\elasticsearch-5.3.0\elasticsearch-5.3.0\data\nodes\0] free: 74.8gb[14.9%], replicas will not be assigned to this node
[2017-04-14T21:59:27,040][INFO ][o.e.c.r.a.DiskThresholdMonitor] [Ts3on6N] low disk watermark [85%] exceeded on [Ts3on6NbTaWj-ch-XqLh-g][Ts3on6N][C:\ELK\elasticsearch-5.3.0\elasticsearch-5.3.0\data\nodes\0] free: 74.8gb[14.9%], replicas will not be assigned to this node
[2017-04-14T21:59:57,052][INFO ][o.e.c.r.a.DiskThresholdMonitor] [Ts3on6N] low disk watermark [85%] exceeded on [Ts3on6NbTaWj-ch-XqLh-g][Ts3on6N][C:\ELK\elasticsearch-5.3.0\elasticsearch-5.3.0\data\nodes\0] free: 74.8gb[14.9%], replicas will not be assigned to this node
[2017-04-14T22:00:27,057][INFO ][o.e.c.r.a.DiskThresholdMonitor] [Ts3on6N] low disk watermark [85%] exceeded on [Ts3on6NbTaWj-ch-XqLh-g][Ts3on6N][C:\ELK\elasticsearch-5.3.0\elasticsearch-5.3.0\data\nodes\0] free: 74.8gb[14.9%], replicas will not be assigned to this node
[2017-04-14T22:00:57,077][INFO ][o.e.c.r.a.DiskThresholdMonitor] [Ts3on6N] low disk watermark [85%] exceeded on [Ts3on6NbTaWj-ch-XqLh-g][Ts3on6N][C:\ELK\elasticsearch-5.3.0\elasticsearch-5.3.0\data\nodes\0] free: 74.8gb[14.9%], replicas will not be assigned to this node
[2017-04-14T22:01:27,078][INFO ][o.e.c.r.a.DiskThresholdMonitor] [Ts3on6N] low disk watermark [85%] exceeded on [Ts3on6NbTaWj-ch-XqLh-g][Ts3on6N][C:\ELK\elasticsearch-5.3.0\elasticsearch-5.3.0\data\nodes\0] free: 74.8gb[14.9%], replicas will not be assigned to this node
[2017-04-14T22:01:57,090][INFO ][o.e.c.r.a.DiskThresholdMonitor] [Ts3on6N] low disk watermark [85%] exceeded on [Ts3on6NbTaWj-ch-XqLh-g][Ts3on6N][C:\ELK\elasticsearch-5.3.0\elasticsearch-5.3.0\data\nodes\0] free: 74.8gb[14.9%], replicas will not be assigned to this node
[2017-04-14T22:02:27,099][INFO ][o.e.c.r.a.DiskThresholdMonitor] [Ts3on6N] low disk watermark [85%] exceeded on [Ts3on6NbTaWj-ch-XqLh-g][Ts3on6N][C:\ELK\elasticsearch-5.3.0\elasticsearch-5.3.0\data\nodes\0] free: 74.8gb[14.9%], replicas will not be assigned to this node
[2017-04-14T22:02:57,106][INFO ][o.e.c.r.a.DiskThresholdMonitor] [Ts3on6N] low disk watermark [85%] exceeded on [Ts3on6NbTaWj-ch-XqLh-g][Ts3on6N][C:\ELK\elasticsearch-5.3.0\elasticsearch-5.3.0\data\nodes\0] free: 74.8gb[14.9%], replicas will not be assigned to this node
[2017-04-14T22:03:27,107][INFO ][o.e.c.r.a.DiskThresholdMonitor] [Ts3on6N] low disk watermark [85%] exceeded on [Ts3on6NbTaWj-ch-XqLh-g][Ts3on6N][C:\ELK\elasticsearch-5.3.0\elasticsearch-5.3.0\data\nodes\0] free: 74.8gb[14.9%], replicas will not be assigned to this node
[2017-04-14T22:03:57,125][INFO ][o.e.c.r.a.DiskThresholdMonitor] [Ts3on6N] low disk watermark [85%] exceeded on [Ts3on6NbTaWj-ch-XqLh-g][Ts3on6N][C:\ELK\elasticsearch-5.3.0\elasticsearch-5.3.0\data\nodes\0] free: 74.8gb[14.9%], replicas will not be assigned to this node
[2017-04-14T22:04:27,127][INFO ][o.e.c.r.a.DiskThresholdMonitor] [Ts3on6N] low disk watermark [85%] exceeded on [Ts3on6NbTaWj-ch-XqLh-g][Ts3on6N][C:\ELK\elasticsearch-5.3.0\elasticsearch-5.3.0\data\nodes\0] free: 74.8gb[14.9%], replicas will not be assigned to this node
[2017-04-14T22:04:57,143][INFO ][o.e.c.r.a.DiskThresholdMonitor] [Ts3on6N] low disk watermark [85%] exceeded on [Ts3on6NbTaWj-ch-XqLh-g][Ts3on6N][C:\ELK\elasticsearch-5.3.0\elasticsearch-5.3.0\data\nodes\0] free: 74.8gb[14.9%], replicas will not be assigned to this node
[2017-04-14T22:05:27,153][INFO ][o.e.c.r.a.DiskThresholdMonitor] [Ts3on6N] low disk watermark [85%] exceeded on [Ts3on6NbTaWj-ch-XqLh-g][Ts3on6N][C:\ELK\elasticsearch-5.3.0\elasticsearch-5.3.0\data\nodes\0] free: 74.8gb[14.9%], replicas will not be assigned to this node
[2017-04-14T22:05:57,159][INFO ][o.e.c.r.a.DiskThresholdMonitor] [Ts3on6N] low disk watermark [85%] exceeded on [Ts3on6NbTaWj-ch-XqLh-g][Ts3on6N][C:\ELK\elasticsearch-5.3.0\elasticsearch-5.3.0\data\nodes\0] free: 74.8gb[14.9%], replicas will not be assigned to this node
[2017-04-14T22:06:27,174][INFO ][o.e.c.r.a.DiskThresholdMonitor] [Ts3on6N] low disk watermark [85%] exceeded on [Ts3on6NbTaWj-ch-XqLh-g][Ts3on6N][C:\ELK\elasticsearch-5.3.0\elasticsearch-5.3.0\data\nodes\0] free: 74.8gb[14.9%], replicas will not be assigned to this node
[2017-04-14T22:06:57,190][INFO ][o.e.c.r.a.DiskThresholdMonitor] [Ts3on6N] low disk watermark [85%] exceeded on [Ts3on6NbTaWj-ch-XqLh-g][Ts3on6N][C:\ELK\elasticsearch-5.3.0\elasticsearch-5.3.0\data\nodes\0] free: 74.8gb[14.9%], replicas will not be assigned to this node
[2017-04-14T22:07:27,197][INFO ][o.e.c.r.a.DiskThresholdMonitor] [Ts3on6N] low disk watermark [85%] exceeded on [Ts3on6NbTaWj-ch-XqLh-g][Ts3on6N][C:\ELK\elasticsearch-5.3.0\elasticsearch-5.3.0\data\nodes\0] free: 74.8gb[14.9%], replicas will not be assigned to this node
[2017-04-14T22:07:57,208][INFO ][o.e.c.r.a.DiskThresholdMonitor] [Ts3on6N] low disk watermark [85%] exceeded on [Ts3on6NbTaWj-ch-XqLh-g][Ts3on6N][C:\ELK\elasticsearch-5.3.0\elasticsearch-5.3.0\data\nodes\0] free: 74.8gb[14.9%], replicas will not be assigned to this node
[2017-04-14T22:08:27,222][INFO ][o.e.c.r.a.DiskThresholdMonitor] [Ts3on6N] low disk watermark [85%] exceeded on [Ts3on6NbTaWj-ch-XqLh-g][Ts3on6N][C:\ELK\elasticsearch-5.3.0\elasticsearch-5.3.0\data\nodes\0] free: 74.8gb[14.9%], replicas will not be assigned to this node
[2017-04-14T22:08:57,227][INFO ][o.e.c.r.a.DiskThresholdMonitor] [Ts3on6N] low disk watermark [85%] exceeded on [Ts3on6NbTaWj-ch-XqLh-g][Ts3on6N][C:\ELK\elasticsearch-5.3.0\elasticsearch-5.3.0\data\nodes\0] free: 74.8gb[14.9%], replicas will not be assigned to this node
[2017-04-14T22:09:27,239][INFO ][o.e.c.r.a.DiskThresholdMonitor] [Ts3on6N] low disk watermark [85%] exceeded on [Ts3on6NbTaWj-ch-XqLh-g][Ts3on6N][C:\ELK\elasticsearch-5.3.0\elasticsearch-5.3.0\data\nodes\0] free: 74.8gb[14.9%], replicas will not be assigned to this node
[2017-04-14T22:09:57,252][INFO ][o.e.c.r.a.DiskThresholdMonitor] [Ts3on6N] low disk watermark [85%] exceeded on [Ts3on6NbTaWj-ch-XqLh-g][Ts3on6N][C:\ELK\elasticsearch-5.3.0\elasticsearch-5.3.0\data\nodes\0] free: 74.8gb[14.9%], replicas will not be assigned to this node
[2017-04-14T22:10:27,255][INFO ][o.e.c.r.a.DiskThresholdMonitor] [Ts3on6N] low disk watermark [85%] exceeded on [Ts3on6NbTaWj-ch-XqLh-g][Ts3on6N][C:\ELK\elasticsearch-5.3.0\elasticsearch-5.3.0\data\nodes\0] free: 74.8gb[14.9%], replicas will not be assigned to this node
[2017-04-14T22:10:57,256][INFO ][o.e.c.r.a.DiskThresholdMonitor] [Ts3on6N] low disk watermark [85%] exceeded on [Ts3on6NbTaWj-ch-XqLh-g][Ts3on6N][C:\ELK\elasticsearch-5.3.0\elasticsearch-5.3.0\data\nodes\0] free: 74.8gb[14.9%], replicas will not be assigned to this node
[2017-04-14T22:11:27,258][INFO ][o.e.c.r.a.DiskThresholdMonitor] [Ts3on6N] low disk watermark [85%] exceeded on [Ts3on6NbTaWj-ch-XqLh-g][Ts3on6N][C:\ELK\elasticsearch-5.3.0\elasticsearch-5.3.0\data\nodes\0] free: 74.8gb[14.9%], replicas will not be assigned to this node
[2017-04-14T22:11:57,269][INFO ][o.e.c.r.a.DiskThresholdMonitor] [Ts3on6N] low disk watermark [85%] exceeded on [Ts3on6NbTaWj-ch-XqLh-g][Ts3on6N][C:\ELK\elasticsearch-5.3.0\elasticsearch-5.3.0\data\nodes\0] free: 74.8gb[14.9%], replicas will not be assigned to this node
[2017-04-14T22:12:27,269][INFO ][o.e.c.r.a.DiskThresholdMonitor] [Ts3on6N] low disk watermark [85%] exceeded on [Ts3on6NbTaWj-ch-XqLh-g][Ts3on6N][C:\ELK\elasticsearch-5.3.0\elasticsearch-5.3.0\data\nodes\0] free: 74.8gb[14.9%], replicas will not be assigned to this node
[2017-04-14T22:12:57,271][INFO ][o.e.c.r.a.DiskThresholdMonitor] [Ts3on6N] low disk watermark [85%] exceeded on [Ts3on6NbTaWj-ch-XqLh-g][Ts3on6N][C:\ELK\elasticsearch-5.3.0\elasticsearch-5.3.0\data\nodes\0] free: 74.8gb[14.9%], replicas will not be assigned to this node
[2017-04-14T22:13:27,272][INFO ][o.e.c.r.a.DiskThresholdMonitor] [Ts3on6N] low disk watermark [85%] exceeded on [Ts3on6NbTaWj-ch-XqLh-g][Ts3on6N][C:\ELK\elasticsearch-5.3.0\elasticsearch-5.3.0\data\nodes\0] free: 74.8gb[14.9%], replicas will not be assigned to this node
[2017-04-14T22:13:57,274][INFO ][o.e.c.r.a.DiskThresholdMonitor] [Ts3on6N] low disk watermark [85%] exceeded on [Ts3on6NbTaWj-ch-XqLh-g][Ts3on6N][C:\ELK\elasticsearch-5.3.0\elasticsearch-5.3.0\data\nodes\0] free: 74.8gb[14.9%], replicas will not be assigned to this node
[2017-04-14T22:14:27,276][INFO ][o.e.c.r.a.DiskThresholdMonitor] [Ts3on6N] low disk watermark [85%] exceeded on [Ts3on6NbTaWj-ch-XqLh-g][Ts3on6N][C:\ELK\elasticsearch-5.3.0\elasticsearch-5.3.0\data\nodes\0] free: 74.8gb[14.9%], replicas will not be assigned to this node
[2017-04-14T22:14:57,278][INFO ][o.e.c.r.a.DiskThresholdMonitor] [Ts3on6N] low disk watermark [85%] exceeded on [Ts3on6NbTaWj-ch-XqLh-g][Ts3on6N][C:\ELK\elasticsearch-5.3.0\elasticsearch-5.3.0\data\nodes\0] free: 74.8gb[14.9%], replicas will not be assigned to this node
[2017-04-14T22:15:27,285][INFO ][o.e.c.r.a.DiskThresholdMonitor] [Ts3on6N] low disk watermark [85%] exceeded on [Ts3on6NbTaWj-ch-XqLh-g][Ts3on6N][C:\ELK\elasticsearch-5.3.0\elasticsearch-5.3.0\data\nodes\0] free: 74.8gb[14.9%], replicas will not be assigned to this node
[2017-04-14T22:15:57,301][INFO ][o.e.c.r.a.DiskThresholdMonitor] [Ts3on6N] low disk watermark [85%] exceeded on [Ts3on6NbTaWj-ch-XqLh-g][Ts3on6N][C:\ELK\elasticsearch-5.3.0\elasticsearch-5.3.0\data\nodes\0] free: 74.8gb[14.9%], replicas will not be assigned to this node
[2017-04-14T22:16:27,305][INFO ][o.e.c.r.a.DiskThresholdMonitor] [Ts3on6N] low disk watermark [85%] exceeded on [Ts3on6NbTaWj-ch-XqLh-g][Ts3on6N][C:\ELK\elasticsearch-5.3.0\elasticsearch-5.3.0\data\nodes\0] free: 74.8gb[14.9%], replicas will not be assigned to this node
[2017-04-14T22:16:57,325][INFO ][o.e.c.r.a.DiskThresholdMonitor] [Ts3on6N] low disk watermark [85%] exceeded on [Ts3on6NbTaWj-ch-XqLh-g][Ts3on6N][C:\ELK\elasticsearch-5.3.0\elasticsearch-5.3.0\data\nodes\0] free: 74.8gb[14.9%], replicas will not be assigned to this node
[2017-04-14T22:17:27,329][INFO ][o.e.c.r.a.DiskThresholdMonitor] [Ts3on6N] low disk watermark [85%] exceeded on [Ts3on6NbTaWj-ch-XqLh-g][Ts3on6N][C:\ELK\elasticsearch-5.3.0\elasticsearch-5.3.0\data\nodes\0] free: 74.8gb[14.9%], replicas will not be assigned to this node
[2017-04-14T22:17:57,350][INFO ][o.e.c.r.a.DiskThresholdMonitor] [Ts3on6N] low disk watermark [85%] exceeded on [Ts3on6NbTaWj-ch-XqLh-g][Ts3on6N][C:\ELK\elasticsearch-5.3.0\elasticsearch-5.3.0\data\nodes\0] free: 74.8gb[14.9%], replicas will not be assigned to this node
[2017-04-14T22:18:27,354][INFO ][o.e.c.r.a.DiskThresholdMonitor] [Ts3on6N] low disk watermark [85%] exceeded on [Ts3on6NbTaWj-ch-XqLh-g][Ts3on6N][C:\ELK\elasticsearch-5.3.0\elasticsearch-5.3.0\data\nodes\0] free: 74.8gb[14.9%], replicas will not be assigned to this node
[2017-04-14T22:18:57,357][INFO ][o.e.c.r.a.DiskThresholdMonitor] [Ts3on6N] low disk watermark [85%] exceeded on [Ts3on6NbTaWj-ch-XqLh-g][Ts3on6N][C:\ELK\elasticsearch-5.3.0\elasticsearch-5.3.0\data\nodes\0] free: 74.8gb[14.9%], replicas will not be assigned to this node
[2017-04-14T22:19:27,373][INFO ][o.e.c.r.a.DiskThresholdMonitor] [Ts3on6N] low disk watermark [85%] exceeded on [Ts3on6NbTaWj-ch-XqLh-g][Ts3on6N][C:\ELK\elasticsearch-5.3.0\elasticsearch-5.3.0\data\nodes\0] free: 74.8gb[14.9%], replicas will not be assigned to this node
[2017-04-14T22:19:57,386][INFO ][o.e.c.r.a.DiskThresholdMonitor] [Ts3on6N] low disk watermark [85%] exceeded on [Ts3on6NbTaWj-ch-XqLh-g][Ts3on6N][C:\ELK\elasticsearch-5.3.0\elasticsearch-5.3.0\data\nodes\0] free: 74.8gb[14.9%], replicas will not be assigned to this node
[2017-04-14T22:20:27,388][INFO ][o.e.c.r.a.DiskThresholdMonitor] [Ts3on6N] low disk watermark [85%] exceeded on [Ts3on6NbTaWj-ch-XqLh-g][Ts3on6N][C:\ELK\elasticsearch-5.3.0\elasticsearch-5.3.0\data\nodes\0] free: 74.8gb[14.9%], replicas will not be assigned to this node
[2017-04-14T22:20:57,403][INFO ][o.e.c.r.a.DiskThresholdMonitor] [Ts3on6N] low disk watermark [85%] exceeded on [Ts3on6NbTaWj-ch-XqLh-g][Ts3on6N][C:\ELK\elasticsearch-5.3.0\elasticsearch-5.3.0\data\nodes\0] free: 74.8gb[14.9%], replicas will not be assigned to this node
[2017-04-14T22:21:27,405][INFO ][o.e.c.r.a.DiskThresholdMonitor] [Ts3on6N] low disk watermark [85%] exceeded on [Ts3on6NbTaWj-ch-XqLh-g][Ts3on6N][C:\ELK\elasticsearch-5.3.0\elasticsearch-5.3.0\data\nodes\0] free: 74.8gb[14.9%], replicas will not be assigned to this node
[2017-04-14T22:21:57,417][INFO ][o.e.c.r.a.DiskThresholdMonitor] [Ts3on6N] low disk watermark [85%] exceeded on [Ts3on6NbTaWj-ch-XqLh-g][Ts3on6N][C:\ELK\elasticsearch-5.3.0\elasticsearch-5.3.0\data\nodes\0] free: 74.8gb[14.9%], replicas will not be assigned to this node
[2017-04-14T22:22:27,429][INFO ][o.e.c.r.a.DiskThresholdMonitor] [Ts3on6N] low disk watermark [85%] exceeded on [Ts3on6NbTaWj-ch-XqLh-g][Ts3on6N][C:\ELK\elasticsearch-5.3.0\elasticsearch-5.3.0\data\nodes\0] free: 74.8gb[14.9%], replicas will not be assigned to this node
[2017-04-14T22:22:57,453][INFO ][o.e.c.r.a.DiskThresholdMonitor] [Ts3on6N] low disk watermark [85%] exceeded on [Ts3on6NbTaWj-ch-XqLh-g][Ts3on6N][C:\ELK\elasticsearch-5.3.0\elasticsearch-5.3.0\data\nodes\0] free: 74.8gb[14.9%], replicas will not be assigned to this node
[2017-04-14T22:23:27,464][INFO ][o.e.c.r.a.DiskThresholdMonitor] [Ts3on6N] low disk watermark [85%] exceeded on [Ts3on6NbTaWj-ch-XqLh-g][Ts3on6N][C:\ELK\elasticsearch-5.3.0\elasticsearch-5.3.0\data\nodes\0] free: 74.8gb[14.9%], replicas will not be assigned to this node
[2017-04-14T22:23:57,473][INFO ][o.e.c.r.a.DiskThresholdMonitor] [Ts3on6N] low disk watermark [85%] exceeded on [Ts3on6NbTaWj-ch-XqLh-g][Ts3on6N][C:\ELK\elasticsearch-5.3.0\elasticsearch-5.3.0\data\nodes\0] free: 74.8gb[14.9%], replicas will not be assigned to this node
[2017-04-14T22:24:27,474][INFO ][o.e.c.r.a.DiskThresholdMonitor] [Ts3on6N] low disk watermark [85%] exceeded on [Ts3on6NbTaWj-ch-XqLh-g][Ts3on6N][C:\ELK\elasticsearch-5.3.0\elasticsearch-5.3.0\data\nodes\0] free: 74.8gb[14.9%], replicas will not be assigned to this node
[2017-04-14T22:24:57,485][INFO ][o.e.c.r.a.DiskThresholdMonitor] [Ts3on6N] low disk watermark [85%] exceeded on [Ts3on6NbTaWj-ch-XqLh-g][Ts3on6N][C:\ELK\elasticsearch-5.3.0\elasticsearch-5.3.0\data\nodes\0] free: 74.8gb[14.9%], replicas will not be assigned to this node
[2017-04-14T22:25:27,488][INFO ][o.e.c.r.a.DiskThresholdMonitor] [Ts3on6N] low disk watermark [85%] exceeded on [Ts3on6NbTaWj-ch-XqLh-g][Ts3on6N][C:\ELK\elasticsearch-5.3.0\elasticsearch-5.3.0\data\nodes\0] free: 74.8gb[14.9%], replicas will not be assigned to this node
[2017-04-14T22:25:57,492][INFO ][o.e.c.r.a.DiskThresholdMonitor] [Ts3on6N] low disk watermark [85%] exceeded on [Ts3on6NbTaWj-ch-XqLh-g][Ts3on6N][C:\ELK\elasticsearch-5.3.0\elasticsearch-5.3.0\data\nodes\0] free: 74.8gb[14.9%], replicas will not be assigned to this node
[2017-04-14T22:26:27,496][INFO ][o.e.c.r.a.DiskThresholdMonitor] [Ts3on6N] low disk watermark [85%] exceeded on [Ts3on6NbTaWj-ch-XqLh-g][Ts3on6N][C:\ELK\elasticsearch-5.3.0\elasticsearch-5.3.0\data\nodes\0] free: 74.8gb[14.9%], replicas will not be assigned to this node
[2017-04-14T22:26:57,500][INFO ][o.e.c.r.a.DiskThresholdMonitor] [Ts3on6N] low disk watermark [85%] exceeded on [Ts3on6NbTaWj-ch-XqLh-g][Ts3on6N][C:\ELK\elasticsearch-5.3.0\elasticsearch-5.3.0\data\nodes\0] free: 74.8gb[14.9%], replicas will not be assigned to this node
[2017-04-14T22:27:27,516][INFO ][o.e.c.r.a.DiskThresholdMonitor] [Ts3on6N] low disk watermark [85%] exceeded on [Ts3on6NbTaWj-ch-XqLh-g][Ts3on6N][C:\ELK\elasticsearch-5.3.0\elasticsearch-5.3.0\data\nodes\0] free: 74.8gb[14.9%], replicas will not be assigned to this node
[2017-04-14T22:27:57,517][INFO ][o.e.c.r.a.DiskThresholdMonitor] [Ts3on6N] low disk watermark [85%] exceeded on [Ts3on6NbTaWj-ch-XqLh-g][Ts3on6N][C:\ELK\elasticsearch-5.3.0\elasticsearch-5.3.0\data\nodes\0] free: 74.8gb[14.9%], replicas will not be assigned to this node
[2017-04-14T22:28:27,525][INFO ][o.e.c.r.a.DiskThresholdMonitor] [Ts3on6N] low disk watermark [85%] exceeded on [Ts3on6NbTaWj-ch-XqLh-g][Ts3on6N][C:\ELK\elasticsearch-5.3.0\elasticsearch-5.3.0\data\nodes\0] free: 74.8gb[14.9%], replicas will not be assigned to this node
[2017-04-14T22:28:57,528][INFO ][o.e.c.r.a.DiskThresholdMonitor] [Ts3on6N] low disk watermark [85%] exceeded on [Ts3on6NbTaWj-ch-XqLh-g][Ts3on6N][C:\ELK\elasticsearch-5.3.0\elasticsearch-5.3.0\data\nodes\0] free: 74.8gb[14.9%], replicas will not be assigned to this node
[2017-04-14T22:29:27,544][INFO ][o.e.c.r.a.DiskThresholdMonitor] [Ts3on6N] low disk watermark [85%] exceeded on [Ts3on6NbTaWj-ch-XqLh-g][Ts3on6N][C:\ELK\elasticsearch-5.3.0\elasticsearch-5.3.0\data\nodes\0] free: 74.8gb[14.9%], replicas will not be assigned to this node
[2017-04-14T22:29:57,556][INFO ][o.e.c.r.a.DiskThresholdMonitor] [Ts3on6N] low disk watermark [85%] exceeded on [Ts3on6NbTaWj-ch-XqLh-g][Ts3on6N][C:\ELK\elasticsearch-5.3.0\elasticsearch-5.3.0\data\nodes\0] free: 74.8gb[14.9%], replicas will not be assigned to this node
[2017-04-14T22:30:27,563][INFO ][o.e.c.r.a.DiskThresholdMonitor] [Ts3on6N] low disk watermark [85%] exceeded on [Ts3on6NbTaWj-ch-XqLh-g][Ts3on6N][C:\ELK\elasticsearch-5.3.0\elasticsearch-5.3.0\data\nodes\0] free: 74.8gb[14.9%], replicas will not be assigned to this node
[2017-04-14T22:30:57,571][INFO ][o.e.c.r.a.DiskThresholdMonitor] [Ts3on6N] low disk watermark [85%] exceeded on [Ts3on6NbTaWj-ch-XqLh-g][Ts3on6N][C:\ELK\elasticsearch-5.3.0\elasticsearch-5.3.0\data\nodes\0] free: 74.8gb[14.9%], replicas will not be assigned to this node
[2017-04-14T22:31:27,574][INFO ][o.e.c.r.a.DiskThresholdMonitor] [Ts3on6N] low disk watermark [85%] exceeded on [Ts3on6NbTaWj-ch-XqLh-g][Ts3on6N][C:\ELK\elasticsearch-5.3.0\elasticsearch-5.3.0\data\nodes\0] free: 74.8gb[14.9%], replicas will not be assigned to this node
[2017-04-14T22:31:57,579][INFO ][o.e.c.r.a.DiskThresholdMonitor] [Ts3on6N] low disk watermark [85%] exceeded on [Ts3on6NbTaWj-ch-XqLh-g][Ts3on6N][C:\ELK\elasticsearch-5.3.0\elasticsearch-5.3.0\data\nodes\0] free: 74.8gb[14.9%], replicas will not be assigned to this node
[2017-04-14T22:32:27,580][INFO ][o.e.c.r.a.DiskThresholdMonitor] [Ts3on6N] low disk watermark [85%] exceeded on [Ts3on6NbTaWj-ch-XqLh-g][Ts3on6N][C:\ELK\elasticsearch-5.3.0\elasticsearch-5.3.0\data\nodes\0] free: 74.8gb[14.9%], replicas will not be assigned to this node
[2017-04-14T22:32:57,588][INFO ][o.e.c.r.a.DiskThresholdMonitor] [Ts3on6N] low disk watermark [85%] exceeded on [Ts3on6NbTaWj-ch-XqLh-g][Ts3on6N][C:\ELK\elasticsearch-5.3.0\elasticsearch-5.3.0\data\nodes\0] free: 74.8gb[14.9%], replicas will not be assigned to this node
[2017-04-14T22:33:27,612][INFO ][o.e.c.r.a.DiskThresholdMonitor] [Ts3on6N] low disk watermark [85%] exceeded on [Ts3on6NbTaWj-ch-XqLh-g][Ts3on6N][C:\ELK\elasticsearch-5.3.0\elasticsearch-5.3.0\data\nodes\0] free: 74.8gb[14.9%], replicas will not be assigned to this node
[2017-04-14T22:33:57,618][INFO ][o.e.c.r.a.DiskThresholdMonitor] [Ts3on6N] low disk watermark [85%] exceeded on [Ts3on6NbTaWj-ch-XqLh-g][Ts3on6N][C:\ELK\elasticsearch-5.3.0\elasticsearch-5.3.0\data\nodes\0] free: 74.8gb[14.9%], replicas will not be assigned to this node
[2017-04-14T22:34:27,624][INFO ][o.e.c.r.a.DiskThresholdMonitor] [Ts3on6N] low disk watermark [85%] exceeded on [Ts3on6NbTaWj-ch-XqLh-g][Ts3on6N][C:\ELK\elasticsearch-5.3.0\elasticsearch-5.3.0\data\nodes\0] free: 74.8gb[14.9%], replicas will not be assigned to this node
[2017-04-14T22:34:57,639][INFO ][o.e.c.r.a.DiskThresholdMonitor] [Ts3on6N] low disk watermark [85%] exceeded on [Ts3on6NbTaWj-ch-XqLh-g][Ts3on6N][C:\ELK\elasticsearch-5.3.0\elasticsearch-5.3.0\data\nodes\0] free: 74.8gb[14.9%], replicas will not be assigned to this node
[2017-04-14T22:35:27,661][INFO ][o.e.c.r.a.DiskThresholdMonitor] [Ts3on6N] low disk watermark [85%] exceeded on [Ts3on6NbTaWj-ch-XqLh-g][Ts3on6N][C:\ELK\elasticsearch-5.3.0\elasticsearch-5.3.0\data\nodes\0] free: 74.8gb[14.9%], replicas will not be assigned to this node
[2017-04-14T22:35:57,664][INFO ][o.e.c.r.a.DiskThresholdMonitor] [Ts3on6N] low disk watermark [85%] exceeded on [Ts3on6NbTaWj-ch-XqLh-g][Ts3on6N][C:\ELK\elasticsearch-5.3.0\elasticsearch-5.3.0\data\nodes\0] free: 74.8gb[14.9%], replicas will not be assigned to this node
[2017-04-14T22:36:27,669][INFO ][o.e.c.r.a.DiskThresholdMonitor] [Ts3on6N] low disk watermark [85%] exceeded on [Ts3on6NbTaWj-ch-XqLh-g][Ts3on6N][C:\ELK\elasticsearch-5.3.0\elasticsearch-5.3.0\data\nodes\0] free: 74.8gb[14.9%], replicas will not be assigned to this node
[2017-04-14T22:36:57,686][INFO ][o.e.c.r.a.DiskThresholdMonitor] [Ts3on6N] low disk watermark [85%] exceeded on [Ts3on6NbTaWj-ch-XqLh-g][Ts3on6N][C:\ELK\elasticsearch-5.3.0\elasticsearch-5.3.0\data\nodes\0] free: 74.8gb[14.9%], replicas will not be assigned to this node
[2017-04-14T22:37:27,687][INFO ][o.e.c.r.a.DiskThresholdMonitor] [Ts3on6N] low disk watermark [85%] exceeded on [Ts3on6NbTaWj-ch-XqLh-g][Ts3on6N][C:\ELK\elasticsearch-5.3.0\elasticsearch-5.3.0\data\nodes\0] free: 74.8gb[14.9%], replicas will not be assigned to this node
[2017-04-14T22:37:57,696][INFO ][o.e.c.r.a.DiskThresholdMonitor] [Ts3on6N] low disk watermark [85%] exceeded on [Ts3on6NbTaWj-ch-XqLh-g][Ts3on6N][C:\ELK\elasticsearch-5.3.0\elasticsearch-5.3.0\data\nodes\0] free: 74.8gb[14.9%], replicas will not be assigned to this node
[2017-04-14T22:38:27,699][INFO ][o.e.c.r.a.DiskThresholdMonitor] [Ts3on6N] low disk watermark [85%] exceeded on [Ts3on6NbTaWj-ch-XqLh-g][Ts3on6N][C:\ELK\elasticsearch-5.3.0\elasticsearch-5.3.0\data\nodes\0] free: 74.8gb[14.9%], replicas will not be assigned to this node
[2017-04-14T22:38:57,725][INFO ][o.e.c.r.a.DiskThresholdMonitor] [Ts3on6N] low disk watermark [85%] exceeded on [Ts3on6NbTaWj-ch-XqLh-g][Ts3on6N][C:\ELK\elasticsearch-5.3.0\elasticsearch-5.3.0\data\nodes\0] free: 74.8gb[14.9%], replicas will not be assigned to this node
[2017-04-14T22:39:27,738][INFO ][o.e.c.r.a.DiskThresholdMonitor] [Ts3on6N] low disk watermark [85%] exceeded on [Ts3on6NbTaWj-ch-XqLh-g][Ts3on6N][C:\ELK\elasticsearch-5.3.0\elasticsearch-5.3.0\data\nodes\0] free: 74.8gb[14.9%], replicas will not be assigned to this node
[2017-04-14T22:39:57,743][INFO ][o.e.c.r.a.DiskThresholdMonitor] [Ts3on6N] low disk watermark [85%] exceeded on [Ts3on6NbTaWj-ch-XqLh-g][Ts3on6N][C:\ELK\elasticsearch-5.3.0\elasticsearch-5.3.0\data\nodes\0] free: 74.8gb[14.9%], replicas will not be assigned to this node
[2017-04-14T22:40:27,756][INFO ][o.e.c.r.a.DiskThresholdMonitor] [Ts3on6N] low disk watermark [85%] exceeded on [Ts3on6NbTaWj-ch-XqLh-g][Ts3on6N][C:\ELK\elasticsearch-5.3.0\elasticsearch-5.3.0\data\nodes\0] free: 74.8gb[14.9%], replicas will not be assigned to this node
[2017-04-14T22:40:57,777][INFO ][o.e.c.r.a.DiskThresholdMonitor] [Ts3on6N] low disk watermark [85%] exceeded on [Ts3on6NbTaWj-ch-XqLh-g][Ts3on6N][C:\ELK\elasticsearch-5.3.0\elasticsearch-5.3.0\data\nodes\0] free: 74.8gb[14.9%], replicas will not be assigned to this node
[2017-04-14T22:41:27,790][INFO ][o.e.c.r.a.DiskThresholdMonitor] [Ts3on6N] low disk watermark [85%] exceeded on [Ts3on6NbTaWj-ch-XqLh-g][Ts3on6N][C:\ELK\elasticsearch-5.3.0\elasticsearch-5.3.0\data\nodes\0] free: 74.8gb[14.9%], replicas will not be assigned to this node
[2017-04-14T22:41:57,794][INFO ][o.e.c.r.a.DiskThresholdMonitor] [Ts3on6N] low disk watermark [85%] exceeded on [Ts3on6NbTaWj-ch-XqLh-g][Ts3on6N][C:\ELK\elasticsearch-5.3.0\elasticsearch-5.3.0\data\nodes\0] free: 74.8gb[14.9%], replicas will not be assigned to this node
[2017-04-14T22:42:27,811][INFO ][o.e.c.r.a.DiskThresholdMonitor] [Ts3on6N] low disk watermark [85%] exceeded on [Ts3on6NbTaWj-ch-XqLh-g][Ts3on6N][C:\ELK\elasticsearch-5.3.0\elasticsearch-5.3.0\data\nodes\0] free: 74.8gb[14.9%], replicas will not be assigned to this node
[2017-04-14T22:42:57,823][INFO ][o.e.c.r.a.DiskThresholdMonitor] [Ts3on6N] low disk watermark [85%] exceeded on [Ts3on6NbTaWj-ch-XqLh-g][Ts3on6N][C:\ELK\elasticsearch-5.3.0\elasticsearch-5.3.0\data\nodes\0] free: 74.8gb[14.9%], replicas will not be assigned to this node
[2017-04-14T22:43:27,833][INFO ][o.e.c.r.a.DiskThresholdMonitor] [Ts3on6N] low disk watermark [85%] exceeded on [Ts3on6NbTaWj-ch-XqLh-g][Ts3on6N][C:\ELK\elasticsearch-5.3.0\elasticsearch-5.3.0\data\nodes\0] free: 74.8gb[14.9%], replicas will not be assigned to this node
[2017-04-14T22:43:57,838][INFO ][o.e.c.r.a.DiskThresholdMonitor] [Ts3on6N] low disk watermark [85%] exceeded on [Ts3on6NbTaWj-ch-XqLh-g][Ts3on6N][C:\ELK\elasticsearch-5.3.0\elasticsearch-5.3.0\data\nodes\0] free: 74.8gb[14.9%], replicas will not be assigned to this node
[2017-04-14T22:44:27,852][INFO ][o.e.c.r.a.DiskThresholdMonitor] [Ts3on6N] low disk watermark [85%] exceeded on [Ts3on6NbTaWj-ch-XqLh-g][Ts3on6N][C:\ELK\elasticsearch-5.3.0\elasticsearch-5.3.0\data\nodes\0] free: 74.8gb[14.9%], replicas will not be assigned to this node
[2017-04-14T22:44:57,864][INFO ][o.e.c.r.a.DiskThresholdMonitor] [Ts3on6N] low disk watermark [85%] exceeded on [Ts3on6NbTaWj-ch-XqLh-g][Ts3on6N][C:\ELK\elasticsearch-5.3.0\elasticsearch-5.3.0\data\nodes\0] free: 74.8gb[14.9%], replicas will not be assigned to this node
[2017-04-14T22:45:27,872][INFO ][o.e.c.r.a.DiskThresholdMonitor] [Ts3on6N] low disk watermark [85%] exceeded on [Ts3on6NbTaWj-ch-XqLh-g][Ts3on6N][C:\ELK\elasticsearch-5.3.0\elasticsearch-5.3.0\data\nodes\0] free: 74.8gb[14.9%], replicas will not be assigned to this node
[2017-04-14T22:45:57,880][INFO ][o.e.c.r.a.DiskThresholdMonitor] [Ts3on6N] low disk watermark [85%] exceeded on [Ts3on6NbTaWj-ch-XqLh-g][Ts3on6N][C:\ELK\elasticsearch-5.3.0\elasticsearch-5.3.0\data\nodes\0] free: 74.8gb[14.9%], replicas will not be assigned to this node
[2017-04-14T22:46:27,893][INFO ][o.e.c.r.a.DiskThresholdMonitor] [Ts3on6N] low disk watermark [85%] exceeded on [Ts3on6NbTaWj-ch-XqLh-g][Ts3on6N][C:\ELK\elasticsearch-5.3.0\elasticsearch-5.3.0\data\nodes\0] free: 74.8gb[14.9%], replicas will not be assigned to this node
[2017-04-14T22:46:57,917][INFO ][o.e.c.r.a.DiskThresholdMonitor] [Ts3on6N] low disk watermark [85%] exceeded on [Ts3on6NbTaWj-ch-XqLh-g][Ts3on6N][C:\ELK\elasticsearch-5.3.0\elasticsearch-5.3.0\data\nodes\0] free: 74.8gb[14.9%], replicas will not be assigned to this node
[2017-04-14T22:47:27,927][INFO ][o.e.c.r.a.DiskThresholdMonitor] [Ts3on6N] low disk watermark [85%] exceeded on [Ts3on6NbTaWj-ch-XqLh-g][Ts3on6N][C:\ELK\elasticsearch-5.3.0\elasticsearch-5.3.0\data\nodes\0] free: 74.8gb[14.9%], replicas will not be assigned to this node
[2017-04-14T22:47:57,929][INFO ][o.e.c.r.a.DiskThresholdMonitor] [Ts3on6N] low disk watermark [85%] exceeded on [Ts3on6NbTaWj-ch-XqLh-g][Ts3on6N][C:\ELK\elasticsearch-5.3.0\elasticsearch-5.3.0\data\nodes\0] free: 74.8gb[14.9%], replicas will not be assigned to this node
[2017-04-14T22:48:27,942][INFO ][o.e.c.r.a.DiskThresholdMonitor] [Ts3on6N] low disk watermark [85%] exceeded on [Ts3on6NbTaWj-ch-XqLh-g][Ts3on6N][C:\ELK\elasticsearch-5.3.0\elasticsearch-5.3.0\data\nodes\0] free: 74.8gb[14.9%], replicas will not be assigned to this node
[2017-04-14T22:48:57,949][INFO ][o.e.c.r.a.DiskThresholdMonitor] [Ts3on6N] low disk watermark [85%] exceeded on [Ts3on6NbTaWj-ch-XqLh-g][Ts3on6N][C:\ELK\elasticsearch-5.3.0\elasticsearch-5.3.0\data\nodes\0] free: 74.8gb[14.9%], replicas will not be assigned to this node
[2017-04-14T22:49:27,963][INFO ][o.e.c.r.a.DiskThresholdMonitor] [Ts3on6N] low disk watermark [85%] exceeded on [Ts3on6NbTaWj-ch-XqLh-g][Ts3on6N][C:\ELK\elasticsearch-5.3.0\elasticsearch-5.3.0\data\nodes\0] free: 74.8gb[14.9%], replicas will not be assigned to this node
[2017-04-14T22:49:57,967][INFO ][o.e.c.r.a.DiskThresholdMonitor] [Ts3on6N] low disk watermark [85%] exceeded on [Ts3on6NbTaWj-ch-XqLh-g][Ts3on6N][C:\ELK\elasticsearch-5.3.0\elasticsearch-5.3.0\data\nodes\0] free: 74.8gb[14.9%], replicas will not be assigned to this node
[2017-04-14T22:50:27,990][INFO ][o.e.c.r.a.DiskThresholdMonitor] [Ts3on6N] low disk watermark [85%] exceeded on [Ts3on6NbTaWj-ch-XqLh-g][Ts3on6N][C:\ELK\elasticsearch-5.3.0\elasticsearch-5.3.0\data\nodes\0] free: 74.8gb[14.9%], replicas will not be assigned to this node
[2017-04-14T22:50:57,991][INFO ][o.e.c.r.a.DiskThresholdMonitor] [Ts3on6N] low disk watermark [85%] exceeded on [Ts3on6NbTaWj-ch-XqLh-g][Ts3on6N][C:\ELK\elasticsearch-5.3.0\elasticsearch-5.3.0\data\nodes\0] free: 74.8gb[14.9%], replicas will not be assigned to this node
[2017-04-14T22:51:28,008][INFO ][o.e.c.r.a.DiskThresholdMonitor] [Ts3on6N] low disk watermark [85%] exceeded on [Ts3on6NbTaWj-ch-XqLh-g][Ts3on6N][C:\ELK\elasticsearch-5.3.0\elasticsearch-5.3.0\data\nodes\0] free: 74.8gb[14.9%], replicas will not be assigned to this node
[2017-04-14T22:51:58,022][INFO ][o.e.c.r.a.DiskThresholdMonitor] [Ts3on6N] low disk watermark [85%] exceeded on [Ts3on6NbTaWj-ch-XqLh-g][Ts3on6N][C:\ELK\elasticsearch-5.3.0\elasticsearch-5.3.0\data\nodes\0] free: 74.8gb[14.9%], replicas will not be assigned to this node
[2017-04-14T22:52:28,031][INFO ][o.e.c.r.a.DiskThresholdMonitor] [Ts3on6N] low disk watermark [85%] exceeded on [Ts3on6NbTaWj-ch-XqLh-g][Ts3on6N][C:\ELK\elasticsearch-5.3.0\elasticsearch-5.3.0\data\nodes\0] free: 74.8gb[14.9%], replicas will not be assigned to this node
[2017-04-14T22:52:58,035][INFO ][o.e.c.r.a.DiskThresholdMonitor] [Ts3on6N] low disk watermark [85%] exceeded on [Ts3on6NbTaWj-ch-XqLh-g][Ts3on6N][C:\ELK\elasticsearch-5.3.0\elasticsearch-5.3.0\data\nodes\0] free: 74.8gb[14.9%], replicas will not be assigned to this node
[2017-04-14T22:53:28,046][INFO ][o.e.c.r.a.DiskThresholdMonitor] [Ts3on6N] low disk watermark [85%] exceeded on [Ts3on6NbTaWj-ch-XqLh-g][Ts3on6N][C:\ELK\elasticsearch-5.3.0\elasticsearch-5.3.0\data\nodes\0] free: 74.8gb[14.9%], replicas will not be assigned to this node
[2017-04-14T22:53:58,058][INFO ][o.e.c.r.a.DiskThresholdMonitor] [Ts3on6N] low disk watermark [85%] exceeded on [Ts3on6NbTaWj-ch-XqLh-g][Ts3on6N][C:\ELK\elasticsearch-5.3.0\elasticsearch-5.3.0\data\nodes\0] free: 74.8gb[14.9%], replicas will not be assigned to this node
[2017-04-14T22:54:28,072][INFO ][o.e.c.r.a.DiskThresholdMonitor] [Ts3on6N] low disk watermark [85%] exceeded on [Ts3on6NbTaWj-ch-XqLh-g][Ts3on6N][C:\ELK\elasticsearch-5.3.0\elasticsearch-5.3.0\data\nodes\0] free: 74.8gb[14.9%], replicas will not be assigned to this node
[2017-04-14T22:54:58,089][INFO ][o.e.c.r.a.DiskThresholdMonitor] [Ts3on6N] low disk watermark [85%] exceeded on [Ts3on6NbTaWj-ch-XqLh-g][Ts3on6N][C:\ELK\elasticsearch-5.3.0\elasticsearch-5.3.0\data\nodes\0] free: 74.8gb[14.9%], replicas will not be assigned to this node
[2017-04-14T22:55:28,103][INFO ][o.e.c.r.a.DiskThresholdMonitor] [Ts3on6N] low disk watermark [85%] exceeded on [Ts3on6NbTaWj-ch-XqLh-g][Ts3on6N][C:\ELK\elasticsearch-5.3.0\elasticsearch-5.3.0\data\nodes\0] free: 74.8gb[14.9%], replicas will not be assigned to this node
[2017-04-14T22:55:58,116][INFO ][o.e.c.r.a.DiskThresholdMonitor] [Ts3on6N] low disk watermark [85%] exceeded on [Ts3on6NbTaWj-ch-XqLh-g][Ts3on6N][C:\ELK\elasticsearch-5.3.0\elasticsearch-5.3.0\data\nodes\0] free: 74.8gb[14.9%], replicas will not be assigned to this node
[2017-04-14T22:56:28,137][INFO ][o.e.c.r.a.DiskThresholdMonitor] [Ts3on6N] low disk watermark [85%] exceeded on [Ts3on6NbTaWj-ch-XqLh-g][Ts3on6N][C:\ELK\elasticsearch-5.3.0\elasticsearch-5.3.0\data\nodes\0] free: 74.8gb[14.9%], replicas will not be assigned to this node
[2017-04-14T22:56:58,150][INFO ][o.e.c.r.a.DiskThresholdMonitor] [Ts3on6N] low disk watermark [85%] exceeded on [Ts3on6NbTaWj-ch-XqLh-g][Ts3on6N][C:\ELK\elasticsearch-5.3.0\elasticsearch-5.3.0\data\nodes\0] free: 74.8gb[14.9%], replicas will not be assigned to this node
[2017-04-14T22:57:28,160][INFO ][o.e.c.r.a.DiskThresholdMonitor] [Ts3on6N] low disk watermark [85%] exceeded on [Ts3on6NbTaWj-ch-XqLh-g][Ts3on6N][C:\ELK\elasticsearch-5.3.0\elasticsearch-5.3.0\data\nodes\0] free: 74.8gb[14.9%], replicas will not be assigned to this node
[2017-04-14T22:57:58,170][INFO ][o.e.c.r.a.DiskThresholdMonitor] [Ts3on6N] low disk watermark [85%] exceeded on [Ts3on6NbTaWj-ch-XqLh-g][Ts3on6N][C:\ELK\elasticsearch-5.3.0\elasticsearch-5.3.0\data\nodes\0] free: 74.8gb[14.9%], replicas will not be assigned to this node
[2017-04-14T22:58:28,171][INFO ][o.e.c.r.a.DiskThresholdMonitor] [Ts3on6N] low disk watermark [85%] exceeded on [Ts3on6NbTaWj-ch-XqLh-g][Ts3on6N][C:\ELK\elasticsearch-5.3.0\elasticsearch-5.3.0\data\nodes\0] free: 74.8gb[14.9%], replicas will not be assigned to this node
[2017-04-14T22:58:58,189][INFO ][o.e.c.r.a.DiskThresholdMonitor] [Ts3on6N] low disk watermark [85%] exceeded on [Ts3on6NbTaWj-ch-XqLh-g][Ts3on6N][C:\ELK\elasticsearch-5.3.0\elasticsearch-5.3.0\data\nodes\0] free: 74.8gb[14.9%], replicas will not be assigned to this node
[2017-04-14T22:59:28,204][INFO ][o.e.c.r.a.DiskThresholdMonitor] [Ts3on6N] low disk watermark [85%] exceeded on [Ts3on6NbTaWj-ch-XqLh-g][Ts3on6N][C:\ELK\elasticsearch-5.3.0\elasticsearch-5.3.0\data\nodes\0] free: 74.8gb[14.9%], replicas will not be assigned to this node
[2017-04-14T22:59:58,218][INFO ][o.e.c.r.a.DiskThresholdMonitor] [Ts3on6N] low disk watermark [85%] exceeded on [Ts3on6NbTaWj-ch-XqLh-g][Ts3on6N][C:\ELK\elasticsearch-5.3.0\elasticsearch-5.3.0\data\nodes\0] free: 74.8gb[14.9%], replicas will not be assigned to this node
[2017-04-14T23:00:28,229][INFO ][o.e.c.r.a.DiskThresholdMonitor] [Ts3on6N] low disk watermark [85%] exceeded on [Ts3on6NbTaWj-ch-XqLh-g][Ts3on6N][C:\ELK\elasticsearch-5.3.0\elasticsearch-5.3.0\data\nodes\0] free: 74.8gb[14.9%], replicas will not be assigned to this node
[2017-04-14T23:00:58,237][INFO ][o.e.c.r.a.DiskThresholdMonitor] [Ts3on6N] low disk watermark [85%] exceeded on [Ts3on6NbTaWj-ch-XqLh-g][Ts3on6N][C:\ELK\elasticsearch-5.3.0\elasticsearch-5.3.0\data\nodes\0] free: 74.8gb[14.9%], replicas will not be assigned to this node
[2017-04-14T23:01:28,253][INFO ][o.e.c.r.a.DiskThresholdMonitor] [Ts3on6N] low disk watermark [85%] exceeded on [Ts3on6NbTaWj-ch-XqLh-g][Ts3on6N][C:\ELK\elasticsearch-5.3.0\elasticsearch-5.3.0\data\nodes\0] free: 74.8gb[14.9%], replicas will not be assigned to this node
[2017-04-14T23:01:58,257][INFO ][o.e.c.r.a.DiskThresholdMonitor] [Ts3on6N] low disk watermark [85%] exceeded on [Ts3on6NbTaWj-ch-XqLh-g][Ts3on6N][C:\ELK\elasticsearch-5.3.0\elasticsearch-5.3.0\data\nodes\0] free: 74.8gb[14.9%], replicas will not be assigned to this node
[2017-04-14T23:02:28,272][INFO ][o.e.c.r.a.DiskThresholdMonitor] [Ts3on6N] low disk watermark [85%] exceeded on [Ts3on6NbTaWj-ch-XqLh-g][Ts3on6N][C:\ELK\elasticsearch-5.3.0\elasticsearch-5.3.0\data\nodes\0] free: 74.8gb[14.9%], replicas will not be assigned to this node
[2017-04-14T23:02:58,288][INFO ][o.e.c.r.a.DiskThresholdMonitor] [Ts3on6N] low disk watermark [85%] exceeded on [Ts3on6NbTaWj-ch-XqLh-g][Ts3on6N][C:\ELK\elasticsearch-5.3.0\elasticsearch-5.3.0\data\nodes\0] free: 74.8gb[14.9%], replicas will not be assigned to this node
[2017-04-14T23:03:28,293][INFO ][o.e.c.r.a.DiskThresholdMonitor] [Ts3on6N] low disk watermark [85%] exceeded on [Ts3on6NbTaWj-ch-XqLh-g][Ts3on6N][C:\ELK\elasticsearch-5.3.0\elasticsearch-5.3.0\data\nodes\0] free: 74.8gb[14.9%], replicas will not be assigned to this node
[2017-04-14T23:03:58,295][INFO ][o.e.c.r.a.DiskThresholdMonitor] [Ts3on6N] low disk watermark [85%] exceeded on [Ts3on6NbTaWj-ch-XqLh-g][Ts3on6N][C:\ELK\elasticsearch-5.3.0\elasticsearch-5.3.0\data\nodes\0] free: 74.8gb[14.9%], replicas will not be assigned to this node
[2017-04-14T23:04:28,297][INFO ][o.e.c.r.a.DiskThresholdMonitor] [Ts3on6N] low disk watermark [85%] exceeded on [Ts3on6NbTaWj-ch-XqLh-g][Ts3on6N][C:\ELK\elasticsearch-5.3.0\elasticsearch-5.3.0\data\nodes\0] free: 74.8gb[14.9%], replicas will not be assigned to this node
[2017-04-14T23:04:58,303][INFO ][o.e.c.r.a.DiskThresholdMonitor] [Ts3on6N] low disk watermark [85%] exceeded on [Ts3on6NbTaWj-ch-XqLh-g][Ts3on6N][C:\ELK\elasticsearch-5.3.0\elasticsearch-5.3.0\data\nodes\0] free: 74.8gb[14.9%], replicas will not be assigned to this node
[2017-04-14T23:05:28,320][INFO ][o.e.c.r.a.DiskThresholdMonitor] [Ts3on6N] low disk watermark [85%] exceeded on [Ts3on6NbTaWj-ch-XqLh-g][Ts3on6N][C:\ELK\elasticsearch-5.3.0\elasticsearch-5.3.0\data\nodes\0] free: 74.8gb[14.9%], replicas will not be assigned to this node
[2017-04-14T23:05:58,344][INFO ][o.e.c.r.a.DiskThresholdMonitor] [Ts3on6N] low disk watermark [85%] exceeded on [Ts3on6NbTaWj-ch-XqLh-g][Ts3on6N][C:\ELK\elasticsearch-5.3.0\elasticsearch-5.3.0\data\nodes\0] free: 74.8gb[14.9%], replicas will not be assigned to this node
[2017-04-14T23:06:28,346][INFO ][o.e.c.r.a.DiskThresholdMonitor] [Ts3on6N] low disk watermark [85%] exceeded on [Ts3on6NbTaWj-ch-XqLh-g][Ts3on6N][C:\ELK\elasticsearch-5.3.0\elasticsearch-5.3.0\data\nodes\0] free: 74.8gb[14.9%], replicas will not be assigned to this node
[2017-04-14T23:06:58,359][INFO ][o.e.c.r.a.DiskThresholdMonitor] [Ts3on6N] low disk watermark [85%] exceeded on [Ts3on6NbTaWj-ch-XqLh-g][Ts3on6N][C:\ELK\elasticsearch-5.3.0\elasticsearch-5.3.0\data\nodes\0] free: 74.8gb[14.9%], replicas will not be assigned to this node
[2017-04-14T23:07:28,366][INFO ][o.e.c.r.a.DiskThresholdMonitor] [Ts3on6N] low disk watermark [85%] exceeded on [Ts3on6NbTaWj-ch-XqLh-g][Ts3on6N][C:\ELK\elasticsearch-5.3.0\elasticsearch-5.3.0\data\nodes\0] free: 74.8gb[14.9%], replicas will not be assigned to this node
[2017-04-14T23:07:58,382][INFO ][o.e.c.r.a.DiskThresholdMonitor] [Ts3on6N] low disk watermark [85%] exceeded on [Ts3on6NbTaWj-ch-XqLh-g][Ts3on6N][C:\ELK\elasticsearch-5.3.0\elasticsearch-5.3.0\data\nodes\0] free: 74.8gb[14.9%], replicas will not be assigned to this node
[2017-04-14T23:08:28,390][INFO ][o.e.c.r.a.DiskThresholdMonitor] [Ts3on6N] low disk watermark [85%] exceeded on [Ts3on6NbTaWj-ch-XqLh-g][Ts3on6N][C:\ELK\elasticsearch-5.3.0\elasticsearch-5.3.0\data\nodes\0] free: 74.8gb[14.9%], replicas will not be assigned to this node
[2017-04-14T23:08:58,412][INFO ][o.e.c.r.a.DiskThresholdMonitor] [Ts3on6N] low disk watermark [85%] exceeded on [Ts3on6NbTaWj-ch-XqLh-g][Ts3on6N][C:\ELK\elasticsearch-5.3.0\elasticsearch-5.3.0\data\nodes\0] free: 74.8gb[14.9%], replicas will not be assigned to this node
[2017-04-14T23:09:28,426][INFO ][o.e.c.r.a.DiskThresholdMonitor] [Ts3on6N] low disk watermark [85%] exceeded on [Ts3on6NbTaWj-ch-XqLh-g][Ts3on6N][C:\ELK\elasticsearch-5.3.0\elasticsearch-5.3.0\data\nodes\0] free: 74.8gb[14.9%], replicas will not be assigned to this node
[2017-04-14T23:09:58,441][INFO ][o.e.c.r.a.DiskThresholdMonitor] [Ts3on6N] low disk watermark [85%] exceeded on [Ts3on6NbTaWj-ch-XqLh-g][Ts3on6N][C:\ELK\elasticsearch-5.3.0\elasticsearch-5.3.0\data\nodes\0] free: 74.8gb[14.9%], replicas will not be assigned to this node
[2017-04-14T23:10:28,451][INFO ][o.e.c.r.a.DiskThresholdMonitor] [Ts3on6N] low disk watermark [85%] exceeded on [Ts3on6NbTaWj-ch-XqLh-g][Ts3on6N][C:\ELK\elasticsearch-5.3.0\elasticsearch-5.3.0\data\nodes\0] free: 74.8gb[14.9%], replicas will not be assigned to this node
[2017-04-14T23:10:58,455][INFO ][o.e.c.r.a.DiskThresholdMonitor] [Ts3on6N] low disk watermark [85%] exceeded on [Ts3on6NbTaWj-ch-XqLh-g][Ts3on6N][C:\ELK\elasticsearch-5.3.0\elasticsearch-5.3.0\data\nodes\0] free: 74.8gb[14.9%], replicas will not be assigned to this node
[2017-04-14T23:11:28,477][INFO ][o.e.c.r.a.DiskThresholdMonitor] [Ts3on6N] low disk watermark [85%] exceeded on [Ts3on6NbTaWj-ch-XqLh-g][Ts3on6N][C:\ELK\elasticsearch-5.3.0\elasticsearch-5.3.0\data\nodes\0] free: 74.8gb[14.9%], replicas will not be assigned to this node
[2017-04-14T23:11:58,486][INFO ][o.e.c.r.a.DiskThresholdMonitor] [Ts3on6N] low disk watermark [85%] exceeded on [Ts3on6NbTaWj-ch-XqLh-g][Ts3on6N][C:\ELK\elasticsearch-5.3.0\elasticsearch-5.3.0\data\nodes\0] free: 74.8gb[14.9%], replicas will not be assigned to this node
[2017-04-14T23:12:28,503][INFO ][o.e.c.r.a.DiskThresholdMonitor] [Ts3on6N] low disk watermark [85%] exceeded on [Ts3on6NbTaWj-ch-XqLh-g][Ts3on6N][C:\ELK\elasticsearch-5.3.0\elasticsearch-5.3.0\data\nodes\0] free: 74.8gb[14.9%], replicas will not be assigned to this node
[2017-04-14T23:12:58,509][INFO ][o.e.c.r.a.DiskThresholdMonitor] [Ts3on6N] low disk watermark [85%] exceeded on [Ts3on6NbTaWj-ch-XqLh-g][Ts3on6N][C:\ELK\elasticsearch-5.3.0\elasticsearch-5.3.0\data\nodes\0] free: 74.8gb[14.9%], replicas will not be assigned to this node
[2017-04-14T23:13:28,514][INFO ][o.e.c.r.a.DiskThresholdMonitor] [Ts3on6N] low disk watermark [85%] exceeded on [Ts3on6NbTaWj-ch-XqLh-g][Ts3on6N][C:\ELK\elasticsearch-5.3.0\elasticsearch-5.3.0\data\nodes\0] free: 74.8gb[14.9%], replicas will not be assigned to this node
[2017-04-14T23:13:58,515][INFO ][o.e.c.r.a.DiskThresholdMonitor] [Ts3on6N] low disk watermark [85%] exceeded on [Ts3on6NbTaWj-ch-XqLh-g][Ts3on6N][C:\ELK\elasticsearch-5.3.0\elasticsearch-5.3.0\data\nodes\0] free: 74.8gb[14.9%], replicas will not be assigned to this node
[2017-04-14T23:14:28,522][INFO ][o.e.c.r.a.DiskThresholdMonitor] [Ts3on6N] low disk watermark [85%] exceeded on [Ts3on6NbTaWj-ch-XqLh-g][Ts3on6N][C:\ELK\elasticsearch-5.3.0\elasticsearch-5.3.0\data\nodes\0] free: 74.8gb[14.9%], replicas will not be assigned to this node
[2017-04-14T23:14:58,533][INFO ][o.e.c.r.a.DiskThresholdMonitor] [Ts3on6N] low disk watermark [85%] exceeded on [Ts3on6NbTaWj-ch-XqLh-g][Ts3on6N][C:\ELK\elasticsearch-5.3.0\elasticsearch-5.3.0\data\nodes\0] free: 74.8gb[14.9%], replicas will not be assigned to this node
[2017-04-14T23:15:28,549][INFO ][o.e.c.r.a.DiskThresholdMonitor] [Ts3on6N] low disk watermark [85%] exceeded on [Ts3on6NbTaWj-ch-XqLh-g][Ts3on6N][C:\ELK\elasticsearch-5.3.0\elasticsearch-5.3.0\data\nodes\0] free: 74.8gb[14.9%], replicas will not be assigned to this node
[2017-04-14T23:15:58,560][INFO ][o.e.c.r.a.DiskThresholdMonitor] [Ts3on6N] low disk watermark [85%] exceeded on [Ts3on6NbTaWj-ch-XqLh-g][Ts3on6N][C:\ELK\elasticsearch-5.3.0\elasticsearch-5.3.0\data\nodes\0] free: 74.8gb[14.9%], replicas will not be assigned to this node
[2017-04-14T23:16:28,577][INFO ][o.e.c.r.a.DiskThresholdMonitor] [Ts3on6N] low disk watermark [85%] exceeded on [Ts3on6NbTaWj-ch-XqLh-g][Ts3on6N][C:\ELK\elasticsearch-5.3.0\elasticsearch-5.3.0\data\nodes\0] free: 74.8gb[14.9%], replicas will not be assigned to this node
[2017-04-14T23:16:58,580][INFO ][o.e.c.r.a.DiskThresholdMonitor] [Ts3on6N] low disk watermark [85%] exceeded on [Ts3on6NbTaWj-ch-XqLh-g][Ts3on6N][C:\ELK\elasticsearch-5.3.0\elasticsearch-5.3.0\data\nodes\0] free: 74.8gb[14.9%], replicas will not be assigned to this node
[2017-04-14T23:17:28,583][INFO ][o.e.c.r.a.DiskThresholdMonitor] [Ts3on6N] low disk watermark [85%] exceeded on [Ts3on6NbTaWj-ch-XqLh-g][Ts3on6N][C:\ELK\elasticsearch-5.3.0\elasticsearch-5.3.0\data\nodes\0] free: 74.8gb[14.9%], replicas will not be assigned to this node
[2017-04-14T23:17:58,598][INFO ][o.e.c.r.a.DiskThresholdMonitor] [Ts3on6N] low disk watermark [85%] exceeded on [Ts3on6NbTaWj-ch-XqLh-g][Ts3on6N][C:\ELK\elasticsearch-5.3.0\elasticsearch-5.3.0\data\nodes\0] free: 74.8gb[14.9%], replicas will not be assigned to this node
[2017-04-14T23:18:28,610][INFO ][o.e.c.r.a.DiskThresholdMonitor] [Ts3on6N] low disk watermark [85%] exceeded on [Ts3on6NbTaWj-ch-XqLh-g][Ts3on6N][C:\ELK\elasticsearch-5.3.0\elasticsearch-5.3.0\data\nodes\0] free: 74.8gb[14.9%], replicas will not be assigned to this node
[2017-04-14T23:18:58,641][INFO ][o.e.c.r.a.DiskThresholdMonitor] [Ts3on6N] low disk watermark [85%] exceeded on [Ts3on6NbTaWj-ch-XqLh-g][Ts3on6N][C:\ELK\elasticsearch-5.3.0\elasticsearch-5.3.0\data\nodes\0] free: 74.8gb[14.9%], replicas will not be assigned to this node
[2017-04-14T23:19:28,647][INFO ][o.e.c.r.a.DiskThresholdMonitor] [Ts3on6N] low disk watermark [85%] exceeded on [Ts3on6NbTaWj-ch-XqLh-g][Ts3on6N][C:\ELK\elasticsearch-5.3.0\elasticsearch-5.3.0\data\nodes\0] free: 74.8gb[14.9%], replicas will not be assigned to this node
[2017-04-14T23:19:58,651][INFO ][o.e.c.r.a.DiskThresholdMonitor] [Ts3on6N] low disk watermark [85%] exceeded on [Ts3on6NbTaWj-ch-XqLh-g][Ts3on6N][C:\ELK\elasticsearch-5.3.0\elasticsearch-5.3.0\data\nodes\0] free: 74.8gb[14.9%], replicas will not be assigned to this node
[2017-04-14T23:20:28,655][INFO ][o.e.c.r.a.DiskThresholdMonitor] [Ts3on6N] low disk watermark [85%] exceeded on [Ts3on6NbTaWj-ch-XqLh-g][Ts3on6N][C:\ELK\elasticsearch-5.3.0\elasticsearch-5.3.0\data\nodes\0] free: 74.8gb[14.9%], replicas will not be assigned to this node
[2017-04-14T23:20:58,667][INFO ][o.e.c.r.a.DiskThresholdMonitor] [Ts3on6N] low disk watermark [85%] exceeded on [Ts3on6NbTaWj-ch-XqLh-g][Ts3on6N][C:\ELK\elasticsearch-5.3.0\elasticsearch-5.3.0\data\nodes\0] free: 74.8gb[14.9%], replicas will not be assigned to this node
[2017-04-14T23:21:28,669][INFO ][o.e.c.r.a.DiskThresholdMonitor] [Ts3on6N] low disk watermark [85%] exceeded on [Ts3on6NbTaWj-ch-XqLh-g][Ts3on6N][C:\ELK\elasticsearch-5.3.0\elasticsearch-5.3.0\data\nodes\0] free: 74.8gb[14.9%], replicas will not be assigned to this node
[2017-04-14T23:21:58,675][INFO ][o.e.c.r.a.DiskThresholdMonitor] [Ts3on6N] low disk watermark [85%] exceeded on [Ts3on6NbTaWj-ch-XqLh-g][Ts3on6N][C:\ELK\elasticsearch-5.3.0\elasticsearch-5.3.0\data\nodes\0] free: 74.8gb[14.9%], replicas will not be assigned to this node
[2017-04-14T23:22:28,688][INFO ][o.e.c.r.a.DiskThresholdMonitor] [Ts3on6N] low disk watermark [85%] exceeded on [Ts3on6NbTaWj-ch-XqLh-g][Ts3on6N][C:\ELK\elasticsearch-5.3.0\elasticsearch-5.3.0\data\nodes\0] free: 74.8gb[14.9%], replicas will not be assigned to this node
[2017-04-14T23:22:58,700][INFO ][o.e.c.r.a.DiskThresholdMonitor] [Ts3on6N] low disk watermark [85%] exceeded on [Ts3on6NbTaWj-ch-XqLh-g][Ts3on6N][C:\ELK\elasticsearch-5.3.0\elasticsearch-5.3.0\data\nodes\0] free: 74.8gb[14.9%], replicas will not be assigned to this node
[2017-04-14T23:23:28,727][INFO ][o.e.c.r.a.DiskThresholdMonitor] [Ts3on6N] low disk watermark [85%] exceeded on [Ts3on6NbTaWj-ch-XqLh-g][Ts3on6N][C:\ELK\elasticsearch-5.3.0\elasticsearch-5.3.0\data\nodes\0] free: 74.8gb[14.9%], replicas will not be assigned to this node
[2017-04-14T23:23:58,740][INFO ][o.e.c.r.a.DiskThresholdMonitor] [Ts3on6N] low disk watermark [85%] exceeded on [Ts3on6NbTaWj-ch-XqLh-g][Ts3on6N][C:\ELK\elasticsearch-5.3.0\elasticsearch-5.3.0\data\nodes\0] free: 74.8gb[14.9%], replicas will not be assigned to this node
[2017-04-14T23:24:28,747][INFO ][o.e.c.r.a.DiskThresholdMonitor] [Ts3on6N] low disk watermark [85%] exceeded on [Ts3on6NbTaWj-ch-XqLh-g][Ts3on6N][C:\ELK\elasticsearch-5.3.0\elasticsearch-5.3.0\data\nodes\0] free: 74.8gb[14.9%], replicas will not be assigned to this node
[2017-04-14T23:24:58,763][INFO ][o.e.c.r.a.DiskThresholdMonitor] [Ts3on6N] low disk watermark [85%] exceeded on [Ts3on6NbTaWj-ch-XqLh-g][Ts3on6N][C:\ELK\elasticsearch-5.3.0\elasticsearch-5.3.0\data\nodes\0] free: 74.8gb[14.9%], replicas will not be assigned to this node
[2017-04-14T23:25:28,777][INFO ][o.e.c.r.a.DiskThresholdMonitor] [Ts3on6N] low disk watermark [85%] exceeded on [Ts3on6NbTaWj-ch-XqLh-g][Ts3on6N][C:\ELK\elasticsearch-5.3.0\elasticsearch-5.3.0\data\nodes\0] free: 74.8gb[14.9%], replicas will not be assigned to this node
[2017-04-14T23:25:58,788][INFO ][o.e.c.r.a.DiskThresholdMonitor] [Ts3on6N] low disk watermark [85%] exceeded on [Ts3on6NbTaWj-ch-XqLh-g][Ts3on6N][C:\ELK\elasticsearch-5.3.0\elasticsearch-5.3.0\data\nodes\0] free: 74.8gb[14.9%], replicas will not be assigned to this node
[2017-04-14T23:26:28,794][INFO ][o.e.c.r.a.DiskThresholdMonitor] [Ts3on6N] low disk watermark [85%] exceeded on [Ts3on6NbTaWj-ch-XqLh-g][Ts3on6N][C:\ELK\elasticsearch-5.3.0\elasticsearch-5.3.0\data\nodes\0] free: 74.8gb[14.9%], replicas will not be assigned to this node
[2017-04-14T23:26:58,805][INFO ][o.e.c.r.a.DiskThresholdMonitor] [Ts3on6N] low disk watermark [85%] exceeded on [Ts3on6NbTaWj-ch-XqLh-g][Ts3on6N][C:\ELK\elasticsearch-5.3.0\elasticsearch-5.3.0\data\nodes\0] free: 74.8gb[14.9%], replicas will not be assigned to this node
[2017-04-14T23:27:28,809][INFO ][o.e.c.r.a.DiskThresholdMonitor] [Ts3on6N] low disk watermark [85%] exceeded on [Ts3on6NbTaWj-ch-XqLh-g][Ts3on6N][C:\ELK\elasticsearch-5.3.0\elasticsearch-5.3.0\data\nodes\0] free: 74.8gb[14.9%], replicas will not be assigned to this node
[2017-04-14T23:27:58,819][INFO ][o.e.c.r.a.DiskThresholdMonitor] [Ts3on6N] low disk watermark [85%] exceeded on [Ts3on6NbTaWj-ch-XqLh-g][Ts3on6N][C:\ELK\elasticsearch-5.3.0\elasticsearch-5.3.0\data\nodes\0] free: 74.8gb[14.9%], replicas will not be assigned to this node
[2017-04-14T23:28:28,837][INFO ][o.e.c.r.a.DiskThresholdMonitor] [Ts3on6N] low disk watermark [85%] exceeded on [Ts3on6NbTaWj-ch-XqLh-g][Ts3on6N][C:\ELK\elasticsearch-5.3.0\elasticsearch-5.3.0\data\nodes\0] free: 74.8gb[14.9%], replicas will not be assigned to this node
[2017-04-14T23:28:58,848][INFO ][o.e.c.r.a.DiskThresholdMonitor] [Ts3on6N] low disk watermark [85%] exceeded on [Ts3on6NbTaWj-ch-XqLh-g][Ts3on6N][C:\ELK\elasticsearch-5.3.0\elasticsearch-5.3.0\data\nodes\0] free: 74.8gb[14.9%], replicas will not be assigned to this node
